#-----------------------------------------------------------
# Vivado v2019.1.1 (64-bit)
# SW Build 2580384 on Sat Jun 29 08:12:21 MDT 2019
# IP Build 2579722 on Sat Jun 29 11:35:40 MDT 2019
# Start of session at: Fri Oct  4 15:40:54 2019
# Process ID: 14456
# Current directory: C:/Users/aptsi/Desktop/MIPS_single_cycle_processor
# Command line: vivado.exe -gui_launcher_event rodinguilauncherevent14024 C:\Users\aptsi\Desktop\MIPS_single_cycle_processor\MIPS_single_cycle_processor.xpr
# Log file: C:/Users/aptsi/Desktop/MIPS_single_cycle_processor/vivado.log
# Journal file: C:/Users/aptsi/Desktop/MIPS_single_cycle_processor\vivado.jou
#-----------------------------------------------------------
start_gui
open_project C:/Users/aptsi/Desktop/MIPS_single_cycle_processor/MIPS_single_cycle_processor.xpr
Scanning sources...
Finished scanning sources
INFO: [IP_Flow 19-234] Refreshing IP repositories
INFO: [IP_Flow 19-1704] No user IP repositories specified
INFO: [IP_Flow 19-2313] Loaded Vivado IP repository 'C:/Xilinx/Vivado/2019.1/data/ip'.
open_project: Time (s): cpu = 00:00:19 ; elapsed = 00:00:10 . Memory (MB): peak = 692.855 ; gain = 94.746
update_compile_order -fileset sources_1
reset_run synth_1
launch_runs synth_1 -jobs 8
[Fri Oct  4 15:46:33 2019] Launched synth_1...
Run output will be captured here: C:/Users/aptsi/Desktop/MIPS_single_cycle_processor/MIPS_single_cycle_processor.runs/synth_1/runme.log
reset_run synth_1
launch_runs synth_1 -jobs 8
[Fri Oct  4 15:47:27 2019] Launched synth_1...
Run output will be captured here: C:/Users/aptsi/Desktop/MIPS_single_cycle_processor/MIPS_single_cycle_processor.runs/synth_1/runme.log
reset_run synth_1
launch_runs synth_1 -jobs 8
[Fri Oct  4 15:48:05 2019] Launched synth_1...
Run output will be captured here: C:/Users/aptsi/Desktop/MIPS_single_cycle_processor/MIPS_single_cycle_processor.runs/synth_1/runme.log
launch_runs impl_1 -jobs 8
[Fri Oct  4 15:48:52 2019] Launched impl_1...
Run output will be captured here: C:/Users/aptsi/Desktop/MIPS_single_cycle_processor/MIPS_single_cycle_processor.runs/impl_1/runme.log
update_compile_order -fileset sources_1
reset_run synth_1
launch_runs synth_1 -jobs 8
CRITICAL WARNING: [HDL 9-806] Syntax error near ")". [C:/Users/aptsi/Desktop/MIPS_single_cycle_processor/MIPS_single_cycle_processor.srcs/sources_1/new/DM.v:25]
[Fri Oct  4 15:55:57 2019] Launched synth_1...
Run output will be captured here: C:/Users/aptsi/Desktop/MIPS_single_cycle_processor/MIPS_single_cycle_processor.runs/synth_1/runme.log
update_compile_order -fileset sources_1
reset_run synth_1
launch_runs synth_1 -jobs 8
[Fri Oct  4 15:56:57 2019] Launched synth_1...
Run output will be captured here: C:/Users/aptsi/Desktop/MIPS_single_cycle_processor/MIPS_single_cycle_processor.runs/synth_1/runme.log
launch_runs impl_1 -jobs 8
[Fri Oct  4 15:59:27 2019] Launched impl_1...
Run output will be captured here: C:/Users/aptsi/Desktop/MIPS_single_cycle_processor/MIPS_single_cycle_processor.runs/impl_1/runme.log
reset_run impl_1
WARNING: [Vivado 12-1017] Problems encountered:
1. PID not specified

launch_runs impl_1 -jobs 8
[Fri Oct  4 15:59:32 2019] Launched impl_1...
Run output will be captured here: C:/Users/aptsi/Desktop/MIPS_single_cycle_processor/MIPS_single_cycle_processor.runs/impl_1/runme.log
WARNING: [filemgmt 56-199] Attempt to get parsing info during refresh. "On-the-fly" syntax checking information may be incorrect. [C:/Users/aptsi/Desktop/MIPS_single_cycle_processor/MIPS_single_cycle_processor.srcs/sources_1/new/DM.v:]
WARNING: [filemgmt 56-199] Attempt to get parsing info during refresh. "On-the-fly" syntax checking information may be incorrect. [C:/Users/aptsi/Desktop/MIPS_single_cycle_processor/MIPS_single_cycle_processor.srcs/sources_1/new/MIPS_single_cycle_processor.v:]
ERROR: [Common 17-180] Spawn failed: No error
create_run synth_2 -flow {Vivado Synthesis 2019} -strategy {Vivado Synthesis Defaults} -report_strategy {Vivado Synthesis Default Reports}
Run is defaulting to srcset: sources_1
Run is defaulting to constrset: constrs_1
Run is defaulting to part: xc7z007sclg225-1
current_run [get_runs synth_2]
set_property board_part em.avnet.com:zed:part0:1.4 [current_project]
WARNING: [Project 1-153] The current project device 'xc7z007sclg225-1' does not match with the device on the 'EM.AVNET.COM:ZED:PART0:1.4' board part. A device change to match the device on 'EM.AVNET.COM:ZED:PART0:1.4' board part is being done. Please upgrade the IP in the project via the upgrade_ip command or by selecting Reports => Reports IP Status.
INFO: [Project 1-152] Project part set to zynq (xc7z020clg484-1)
reset_property board_connections [get_projects MIPS_single_cycle_processor]
launch_runs impl_2 -jobs 8
[Fri Oct  4 16:01:36 2019] Launched synth_2...
Run output will be captured here: C:/Users/aptsi/Desktop/MIPS_single_cycle_processor/MIPS_single_cycle_processor.runs/synth_2/runme.log
[Fri Oct  4 16:01:36 2019] Launched impl_2...
Run output will be captured here: C:/Users/aptsi/Desktop/MIPS_single_cycle_processor/MIPS_single_cycle_processor.runs/impl_2/runme.log
exit
INFO: [Common 17-206] Exiting Vivado at Fri Oct  4 16:03:49 2019...
