#-----------------------------------------------------------
# Vivado v2019.1.1 (64-bit)
# SW Build 2580384 on Sat Jun 29 08:12:21 MDT 2019
# IP Build 2579722 on Sat Jun 29 11:35:40 MDT 2019
# Start of session at: Mon Sep 30 02:24:08 2019
# Process ID: 21188
# Current directory: C:/Users/aptsi/Desktop/MIPS_single_cycle_processor
# Command line: vivado.exe -gui_launcher_event rodinguilauncherevent7844 C:\Users\aptsi\Desktop\MIPS_single_cycle_processor\MIPS_single_cycle_processor.xpr
# Log file: C:/Users/aptsi/Desktop/MIPS_single_cycle_processor/vivado.log
# Journal file: C:/Users/aptsi/Desktop/MIPS_single_cycle_processor\vivado.jou
#-----------------------------------------------------------
start_gui
open_project C:/Users/aptsi/Desktop/MIPS_single_cycle_processor/MIPS_single_cycle_processor.xpr
Scanning sources...
Finished scanning sources
INFO: [IP_Flow 19-234] Refreshing IP repositories
INFO: [IP_Flow 19-1704] No user IP repositories specified
INFO: [IP_Flow 19-2313] Loaded Vivado IP repository 'C:/Xilinx/Vivado/2019.1/data/ip'.
open_project: Time (s): cpu = 00:00:16 ; elapsed = 00:00:06 . Memory (MB): peak = 707.063 ; gain = 47.586
update_compile_order -fileset sources_1
set_property SOURCE_SET sources_1 [get_filesets sim_1]
close [ open C:/Users/aptsi/Desktop/MIPS_single_cycle_processor/MIPS_single_cycle_processor.srcs/sim_1/new/tb_CPU_wrapper.v w ]
add_files -fileset sim_1 C:/Users/aptsi/Desktop/MIPS_single_cycle_processor/MIPS_single_cycle_processor.srcs/sim_1/new/tb_CPU_wrapper.v
update_compile_order -fileset sim_1
set_property top tb_CPU_wrapper [get_filesets sim_1]
set_property top_lib xil_defaultlib [get_filesets sim_1]
update_compile_order -fileset sim_1
update_compile_order -fileset sim_1
export_ip_user_files -of_objects  [get_files C:/Users/aptsi/Desktop/MIPS_single_cycle_processor/MIPS_single_cycle_processor.srcs/sim_1/new/mux_2_to_1.v] -no_script -reset -force -quiet
remove_files  -fileset sim_1 C:/Users/aptsi/Desktop/MIPS_single_cycle_processor/MIPS_single_cycle_processor.srcs/sim_1/new/mux_2_to_1.v
add_files -norecurse C:/Users/aptsi/Desktop/MIPS_single_cycle_processor/MIPS_single_cycle_processor.srcs/sources_1/new/mux_2_to_1.v
update_compile_order -fileset sources_1
update_compile_order -fileset sources_1
exit
INFO: [Common 17-206] Exiting Vivado at Mon Sep 30 02:52:35 2019...
