#
# A fatal error has been detected by the Java Runtime Environment:
#
#  EXCEPTION_ACCESS_VIOLATION (0xc0000005) at pc=0x00007ff8bfe7a1a5, pid=12256, tid=18980
#
# JRE version: Java(TM) SE Runtime Environment (9.0+11) (build 9.0.4+11)
# Java VM: Java HotSpot(TM) 64-Bit Server VM (9.0.4+11, mixed mode, tiered, compressed oops, g1 gc, windows-amd64)
# Problematic frame:
# C  [librdi_common.dll+0x17a1a5]
#
# No core dump will be written. Minidumps are not enabled by default on client versions of Windows
#
# If you would like to submit a bug report, please visit:
#   http://bugreport.java.com/bugreport/crash.jsp
# The crash happened outside the Java Virtual Machine in native code.
# See problematic frame for where to report the bug.
#

---------------  S U M M A R Y ------------

Command Line: -Dsun.java2d.pmoffscreen=false -Dsun.java2d.xrender=false -Dsun.java2d.d3d=false -Dsun.awt.nopixfmt=true -Dsun.java2d.dpiaware=true -Dsun.java2d.uiScale.enabled=false -Xverify:none -Dswing.aatext=true -XX:-UsePerfData -Djdk.map.althashing.threshold=512 -XX:StringTableSize=4072 --add-opens=java.base/java.nio=ALL-UNNAMED --add-opens=java.desktop/sun.swing=ALL-UNNAMED --add-opens=java.desktop/javax.swing=ALL-UNNAMED --add-opens=java.desktop/javax.swing.tree=ALL-UNNAMED --add-opens=java.desktop/javax.swing.plaf.basic=ALL-UNNAMED --add-opens=java.desktop/javax.swing.plaf.synth=ALL-UNNAMED --add-opens=java.desktop/com.sun.awt=ALL-UNNAMED -XX:NewSize=60m -XX:MaxNewSize=60m -Xms128m -Xmx3072m -Xss5m 

Host: Intel(R) Core(TM) i7-7700HQ CPU @ 2.80GHz, 8 cores, 15G,  Windows 10 , 64 bit Build 18362 (10.0.18362.329)
Time: Tue Oct 01 22:27:36 2019 Georgian Standard Time elapsed time: 1985 seconds (0d 0h 33m 5s)

---------------  T H R E A D  ---------------

Current thread (0x000002d364130000):  JavaThread "AWT-EventQueue-1" [_thread_in_native, id=18980, stack(0x000000f134b00000,0x000000f135000000)]

Stack: [0x000000f134b00000,0x000000f135000000],  sp=0x000000f134ff3870,  free space=5070k
Native frames: (J=compiled Java code, j=interpreted, Vv=VM code, C=native code)
C  [librdi_common.dll+0x17a1a5]
C  [librdi_common.dll+0x16ee15]
C  [librdi_common.dll+0x1386da]
C  0x00007ff851dfcdc0
C  0x00007ff851dfceca
C  0x00007ff851e18782
C  0x00007ff851eb1cce
C  0x00007ff851eb1bef
C  0x00007ff851edb1f0
C  0x00007ff851edaed0
C  0x00007ff851f3873b
C  0x00007ff851f3a153
C  0x00007ff851f12ea0
C  0x00007ff851f12f1d
C  0x00007ff851f12fc1
C  0x00007ff851f395c4
C  0x00007ff851f09546
C  0x00007ff851f09315
C  0x00007ff851f45c1f
C  0x000002d355366d3a

Java frames: (J=compiled Java code, j=interpreted, Vv=VM code)
J 19505  ui.views.waveform.waveformi.WVExecutive_getGraphicsDataSize(J)J (0 bytes) @ 0x000002d355366ca1 [0x000002d355366c60+0x0000000000000041]
J 19504 c1 ui.views.waveform.executive.a.gEt()Ljava/io/ByteArrayInputStream; (93 bytes) @ 0x000002d34ed9f7ac [0x000002d34ed9f6c0+0x00000000000000ec]
j  ui.views.waveform.b.a.gEf()V+7
J 19416 c1 ui.views.waveform.w.cRi()V (38 bytes) @ 0x000002d34edcceec [0x000002d34edcc780+0x000000000000076c]
J 17813 c1 ui.views.waveform.c.b.j(Lui/frmwork/b/i;)V (603 bytes) @ 0x000002d34f4c41d4 [0x000002d34f4bbc80+0x0000000000008554]
J 17812 c1 ui.views.waveform.w.a(Lui/frmwork/b/i;)V (17 bytes) @ 0x000002d34eb89f14 [0x000002d34eb89e40+0x00000000000000d4]
J 13481 c1 ui.frmwork.b.l.d(Lui/frmwork/b/i;)V (61 bytes) @ 0x000002d34ed80b9c [0x000002d34ed80340+0x000000000000085c]
J 13466 c1 ui.frmwork.HTclEventBroker.i(JZ)V (471 bytes) @ 0x000002d34ed57d2c [0x000002d34ed53540+0x00000000000047ec]
J 13467 c1 ui.frmwork.HTclEventBroker.fireTclEvent(J)I (113 bytes) @ 0x000002d34ed5c94c [0x000002d34ed5c140+0x000000000000080c]
v  ~StubRoutines::call_stub
j  ui.views.waveform.waveformi.WVExecutive_processModelEvent(JJ)V+0
J 19737 c1 ui.views.waveform.c.b.eD(J)V (109 bytes) @ 0x000002d34d2d0bc4 [0x000002d34d2d0a80+0x0000000000000144]
J 17813 c1 ui.views.waveform.c.b.j(Lui/frmwork/b/i;)V (603 bytes) @ 0x000002d34f4c4e8c [0x000002d34f4bbc80+0x000000000000920c]
J 17812 c1 ui.views.waveform.w.a(Lui/frmwork/b/i;)V (17 bytes) @ 0x000002d34eb89f14 [0x000002d34eb89e40+0x00000000000000d4]
J 13481 c1 ui.frmwork.b.l.d(Lui/frmwork/b/i;)V (61 bytes) @ 0x000002d34ed80b9c [0x000002d34ed80340+0x000000000000085c]
J 13466 c1 ui.frmwork.HTclEventBroker.i(JZ)V (471 bytes) @ 0x000002d34ed57d2c [0x000002d34ed53540+0x00000000000047ec]
J 13467 c1 ui.frmwork.HTclEventBroker.fireTclEvent(J)I (113 bytes) @ 0x000002d34ed5c94c [0x000002d34ed5c140+0x000000000000080c]
v  ~StubRoutines::call_stub
j  ui.views.waveform.waveformi.WVExecutive_processModelEvent(JJ)V+0
J 19737 c1 ui.views.waveform.c.b.eD(J)V (109 bytes) @ 0x000002d34d2d0bc4 [0x000002d34d2d0a80+0x0000000000000144]
j  ui.views.waveform.c.e.actionPerformed(Ljava/awt/event/ActionEvent;)V+8
J 18274 c2 javax.swing.Timer.fireActionPerformed(Ljava/awt/event/ActionEvent;)V java.desktop@9.0.4 (46 bytes) @ 0x000002d354348658 [0x000002d354348540+0x0000000000000118]
J 18317 c2 javax.swing.Timer$DoPostEvent.run()V java.desktop@9.0.4 (82 bytes) @ 0x000002d3544c5fec [0x000002d3544c5ce0+0x000000000000030c]
J 15180 c2 java.awt.EventQueue$3.run()Ljava/lang/Object; java.desktop@9.0.4 (5 bytes) @ 0x000002d354f04c4c [0x000002d354f04700+0x000000000000054c]
v  ~StubRoutines::call_stub
J 3792  java.security.AccessController.doPrivileged(Ljava/security/PrivilegedAction;Ljava/security/AccessControlContext;)Ljava/lang/Object; java.base@9.0.4 (0 bytes) @ 0x000002d354492c46 [0x000002d354492be0+0x0000000000000066]
J 15171 c2 ui.frmwork.b.d.dispatchEvent(Ljava/awt/AWTEvent;)V (34 bytes) @ 0x000002d354f02824 [0x000002d354f02200+0x0000000000000624]
J 15183 c2 java.awt.EventDispatchThread.pumpOneEventForFilters(I)V java.desktop@9.0.4 (218 bytes) @ 0x000002d354f0fc20 [0x000002d354f0ef60+0x0000000000000cc0]
j  java.awt.EventDispatchThread.pumpEventsForFilter(ILjava/awt/Conditional;Ljava/awt/EventFilter;)V+35 java.desktop@9.0.4
j  java.awt.EventDispatchThread.pumpEventsForFilter(Ljava/awt/Conditional;Ljava/awt/EventFilter;)V+4 java.desktop@9.0.4
j  java.awt.WaitDispatchSupport$2.run()V+59 java.desktop@9.0.4
j  java.awt.WaitDispatchSupport$4.run()Ljava/lang/Void;+4 java.desktop@9.0.4
j  java.awt.WaitDispatchSupport$4.run()Ljava/lang/Object;+1 java.desktop@9.0.4
v  ~StubRoutines::call_stub
J 1028  java.security.AccessController.doPrivileged(Ljava/security/PrivilegedAction;)Ljava/lang/Object; java.base@9.0.4 (0 bytes) @ 0x000002d3542db5b2 [0x000002d3542db560+0x0000000000000052]
j  java.awt.WaitDispatchSupport.enter()Z+260 java.desktop@9.0.4
j  java.awt.Dialog.show()V+225 java.desktop@9.0.4
J 12443 c1 java.awt.Component.setVisible(Z)V java.desktop@9.0.4 (6 bytes) @ 0x000002d34ec0ce4c [0x000002d34ec0cc60+0x00000000000001ec]
j  java.awt.Window.setVisible(Z)V+2 java.desktop@9.0.4
j  java.awt.Dialog.setVisible(Z)V+2 java.desktop@9.0.4
j  ui.b.c.g.setVisible(Z)V+2
j  ui.b.c.by.showDialog()V+64
j  ui.b.c.bF.actionPerformed(Ljava/awt/event/ActionEvent;)V+8
j  ui.b.c.by.cJI()V+396
j  ui.views.c.t.b.a.run()V+60
j  ui.frmwork.a.dWF()Z+66
j  ui.frmwork.V.dYl()V+42
j  ui.bk.actionPerformed(Ljava/awt/event/ActionEvent;)V+25
j  javax.swing.AbstractButton.fireActionPerformed(Ljava/awt/event/ActionEvent;)V+84 java.desktop@9.0.4
j  ui.utils.o.b.B.fireActionPerformed(Ljava/awt/event/ActionEvent;)V+7
j  javax.swing.AbstractButton$Handler.actionPerformed(Ljava/awt/event/ActionEvent;)V+5 java.desktop@9.0.4
j  javax.swing.DefaultButtonModel.fireActionPerformed(Ljava/awt/event/ActionEvent;)V+34 java.desktop@9.0.4
j  javax.swing.DefaultButtonModel.setPressed(Z)V+117 java.desktop@9.0.4
j  javax.swing.plaf.basic.BasicButtonListener.mouseReleased(Ljava/awt/event/MouseEvent;)V+35 java.desktop@9.0.4
j  com.jidesoft.plaf.basic.BasicJideButtonListener.mouseReleased(Ljava/awt/event/MouseEvent;)V+61
J 19473 c1 java.awt.AWTEventMulticaster.mouseReleased(Ljava/awt/event/MouseEvent;)V java.desktop@9.0.4 (27 bytes) @ 0x000002d34edb5a0c [0x000002d34edb5800+0x000000000000020c]
J 19473 c1 java.awt.AWTEventMulticaster.mouseReleased(Ljava/awt/event/MouseEvent;)V java.desktop@9.0.4 (27 bytes) @ 0x000002d34edb5a0c [0x000002d34edb5800+0x000000000000020c]
J 19473 c1 java.awt.AWTEventMulticaster.mouseReleased(Ljava/awt/event/MouseEvent;)V java.desktop@9.0.4 (27 bytes) @ 0x000002d34edb5a0c [0x000002d34edb5800+0x000000000000020c]
J 19473 c1 java.awt.AWTEventMulticaster.mouseReleased(Ljava/awt/event/MouseEvent;)V java.desktop@9.0.4 (27 bytes) @ 0x000002d34edb5a0c [0x000002d34edb5800+0x000000000000020c]
J 16445 c1 java.awt.Component.processMouseEvent(Ljava/awt/event/MouseEvent;)V java.desktop@9.0.4 (100 bytes) @ 0x000002d34f2f3cb4 [0x000002d34f2f3920+0x0000000000000394]
J 16456 c1 javax.swing.JComponent.processMouseEvent(Ljava/awt/event/MouseEvent;)V java.desktop@9.0.4 (27 bytes) @ 0x000002d34e1bc0ec [0x000002d34e1bbee0+0x000000000000020c]
J 18162 c2 java.awt.Container.processEvent(Ljava/awt/AWTEvent;)V java.desktop@9.0.4 (22 bytes) @ 0x000002d355287878 [0x000002d355287760+0x0000000000000118]
J 18163 c2 java.awt.Component.dispatchEventImpl(Ljava/awt/AWTEvent;)V java.desktop@9.0.4 (739 bytes) @ 0x000002d3552896f8 [0x000002d355288680+0x0000000000001078]
J 13649 c2 java.awt.Container.dispatchEventImpl(Ljava/awt/AWTEvent;)V java.desktop@9.0.4 (129 bytes) @ 0x000002d354d9f338 [0x000002d354d9f2e0+0x0000000000000058]
J 16161 c2 java.awt.LightweightDispatcher.retargetMouseEvent(Ljava/awt/Component;ILjava/awt/event/MouseEvent;)V java.desktop@9.0.4 (350 bytes) @ 0x000002d354ff145c [0x000002d354ff0ee0+0x000000000000057c]
J 18040 c2 java.awt.LightweightDispatcher.processMouseEvent(Ljava/awt/event/MouseEvent;)Z java.desktop@9.0.4 (265 bytes) @ 0x000002d35524da08 [0x000002d35524d240+0x00000000000007c8]
J 13649 c2 java.awt.Container.dispatchEventImpl(Ljava/awt/AWTEvent;)V java.desktop@9.0.4 (129 bytes) @ 0x000002d354d9f694 [0x000002d354d9f2e0+0x00000000000003b4]
J 18035 c2 java.awt.Window.dispatchEventImpl(Ljava/awt/AWTEvent;)V java.desktop@9.0.4 (23 bytes) @ 0x000002d35524710c [0x000002d3552470c0+0x000000000000004c]
J 15180 c2 java.awt.EventQueue$3.run()Ljava/lang/Object; java.desktop@9.0.4 (5 bytes) @ 0x000002d354f04cf0 [0x000002d354f04700+0x00000000000005f0]
v  ~StubRoutines::call_stub
J 3792  java.security.AccessController.doPrivileged(Ljava/security/PrivilegedAction;Ljava/security/AccessControlContext;)Ljava/lang/Object; java.base@9.0.4 (0 bytes) @ 0x000002d354492c46 [0x000002d354492be0+0x0000000000000066]
J 17673 c2 java.awt.EventQueue$4.run()Ljava/lang/Object; java.desktop@9.0.4 (5 bytes) @ 0x000002d355190840 [0x000002d3551905e0+0x0000000000000260]
v  ~StubRoutines::call_stub
J 3792  java.security.AccessController.doPrivileged(Ljava/security/PrivilegedAction;Ljava/security/AccessControlContext;)Ljava/lang/Object; java.base@9.0.4 (0 bytes) @ 0x000002d354492c46 [0x000002d354492be0+0x0000000000000066]
J 15171 c2 ui.frmwork.b.d.dispatchEvent(Ljava/awt/AWTEvent;)V (34 bytes) @ 0x000002d354f0264c [0x000002d354f02200+0x000000000000044c]
J 15183 c2 java.awt.EventDispatchThread.pumpOneEventForFilters(I)V java.desktop@9.0.4 (218 bytes) @ 0x000002d354f0fc20 [0x000002d354f0ef60+0x0000000000000cc0]
j  java.awt.EventDispatchThread.pumpEventsForFilter(ILjava/awt/Conditional;Ljava/awt/EventFilter;)V+35 java.desktop@9.0.4
j  java.awt.EventDispatchThread.pumpEventsForHierarchy(ILjava/awt/Conditional;Ljava/awt/Component;)V+11 java.desktop@9.0.4
j  java.awt.EventDispatchThread.pumpEvents(ILjava/awt/Conditional;)V+4 java.desktop@9.0.4
j  java.awt.EventDispatchThread.pumpEvents(Ljava/awt/Conditional;)V+3 java.desktop@9.0.4
j  java.awt.EventDispatchThread.run()V+9 java.desktop@9.0.4
v  ~StubRoutines::call_stub

siginfo: EXCEPTION_ACCESS_VIOLATION (0xc0000005), reading address 0xffffffffffffffff


Register to memory mapping:

RIP=0x00007ff8bfe7a1a5 librdi_common.dll
RAX=0x000002d3389bd301 is an unknown value
RBX=0x9003efd37671968f is an unknown value
RCX=0x000002d3389bd340 is an unknown value
RDX=0x9003efd37671968f is an unknown value
RSP=0x000000f134ff3870 is pointing into the stack for thread: 0x000002d364130000
RBP=0x000000f134ff39a0 is pointing into the stack for thread: 0x000002d364130000
RSI=0x000002d3645ff300 is an unknown value
RDI=0x000000f134ff3a88 is pointing into the stack for thread: 0x000002d364130000
R8 =0x000000f134ff3a88 is pointing into the stack for thread: 0x000002d364130000
R9 =0x0000000000000000 is an unknown value
R10=0x000002d363d00050 is an unknown value
R11=0x000002d36efdfdc0 is an unknown value
R12=0x000000f134ff3a88 is pointing into the stack for thread: 0x000002d364130000
R13=0x0000000000000000 is an unknown value
R14=0x000002d336e59aa0 is an unknown value
R15=0x9003efd37671968f is an unknown value


Registers:
RAX=0x000002d3389bd301, RBX=0x9003efd37671968f, RCX=0x000002d3389bd340, RDX=0x9003efd37671968f
RSP=0x000000f134ff3870, RBP=0x000000f134ff39a0, RSI=0x000002d3645ff300, RDI=0x000000f134ff3a88
R8 =0x000000f134ff3a88, R9 =0x0000000000000000, R10=0x000002d363d00050, R11=0x000002d36efdfdc0
R12=0x000000f134ff3a88, R13=0x0000000000000000, R14=0x000002d336e59aa0, R15=0x9003efd37671968f
RIP=0x00007ff8bfe7a1a5, EFLAGS=0x0000000000010202

Top of Stack: (sp=0x000000f134ff3870)
0x000000f134ff3870:   000000f134ff3b80 00007ff8e01790b7
0x000000f134ff3880:   0000000000000000 9003efd37671968f
0x000000f134ff3890:   9003efd37671968f 00007ff8bfe6ee15
0x000000f134ff38a0:   000002d365a288e8 00007ff8e017934f
0x000000f134ff38b0:   00009049979eafa6 000000000000001b
0x000000f134ff38c0:   0000000000000000 000002d365a288c0
0x000000f134ff38d0:   0000000000000002 00007ff8bfed8985
0x000000f134ff38e0:   000002d363bf8260 000002d365a288c8
0x000000f134ff38f0:   000002d365a28908 000002d365a288c0
0x000000f134ff3900:   fffffffffffffffe 00007ff8c0446acd
0x000000f134ff3910:   fffffffffffffffe 00007ff8c0b33fe0
0x000000f134ff3920:   000002d365a288c0 000002d336de5788
0x000000f134ff3930:   000000f134ff3a88 00007ff8bfed7c76
0x000000f134ff3940:   000002d365a288c0 000000f134ff3a88
0x000000f134ff3950:   000002d300000002 000002d36efdf510
0x000000f134ff3960:   fffffffffffffffe 0000000000000004 

Instructions: (pc=0x00007ff8bfe7a1a5)
0x00007ff8bfe7a185:   20 48 8b d9 e8 22 c4 04 00 48 8b c8 48 8b d3 e8
0x00007ff8bfe7a195:   27 0d 05 00 84 c0 75 08 33 c0 48 83 c4 20 5b c3
0x00007ff8bfe7a1a5:   48 8b 4b 50 48 85 c9 74 0a 48 83 c4 20 5b e9 68
0x00007ff8bfe7a1b5:   e2 04 00 48 8b d3 48 8d 0d c6 fc 73 00 e8 59 b7 



---------------  P R O C E S S  ---------------

Java Threads: ( => current thread )
  0x000002d36b4c1000 JavaThread "Relaunch Simulation" [_thread_blocked, id=1300, stack(0x000000f135000000,0x000000f135500000)]
  0x000002d36b4c4000 JavaThread "SyntheticaAnimation 50" daemon [_thread_blocked, id=13032, stack(0x000000f138a00000,0x000000f138f00000)]
  0x000002d36b4bc800 JavaThread "Monitor File Timestamp Swing Worker" [_thread_blocked, id=17092, stack(0x000000f138000000,0x000000f138500000)]
  0x000002d36b4c1800 JavaThread "Timer-0" [_thread_blocked, id=19360, stack(0x000000f133c00000,0x000000f134100000)]
  0x000002d36b4c0000 JavaThread "Update Runs Swing Worker" [_thread_blocked, id=14432, stack(0x000000f138500000,0x000000f138a00000)]
  0x000002d36b4c2800 JavaThread "hw_ila_monitor" [_thread_blocked, id=12828, stack(0x000000f137b00000,0x000000f138000000)]
  0x000002d33ff02800 JavaThread "Refresh Filesets Swing Worker" [_thread_blocked, id=15396, stack(0x000000f137600000,0x000000f137b00000)]
  0x000002d33ff02000 JavaThread "SyntheticaAnimation 70" daemon [_thread_blocked, id=14464, stack(0x000000f137100000,0x000000f137600000)]
  0x000002d33ff03800 JavaThread "SyntheticaAnimation 25" daemon [_thread_blocked, id=1624, stack(0x000000f136700000,0x000000f136c00000)]
  0x000002d33ff06800 JavaThread "SyntheticaAnimation 50" daemon [_thread_blocked, id=18356, stack(0x000000f136200000,0x000000f136700000)]
  0x000002d33ff07000 JavaThread "Monitor HEventQueue" [_thread_blocked, id=10024, stack(0x000000f135d00000,0x000000f136200000)]
  0x000002d33ff00800 JavaThread "SyntheticaCleanerThread" daemon [_thread_blocked, id=19124, stack(0x000000f135500000,0x000000f135a00000)]
  0x000002d33ff05800 JavaThread "Batik CleanerThread" daemon [_thread_blocked, id=1016, stack(0x000000f134100000,0x000000f134600000)]
=>0x000002d364130000 JavaThread "AWT-EventQueue-1" [_thread_in_native, id=18980, stack(0x000000f134b00000,0x000000f135000000)]
  0x000002d364131800 JavaThread "AWT-Shutdown" [_thread_blocked, id=3516, stack(0x000000f134600000,0x000000f134b00000)]
  0x000002d36586d800 JavaThread "Process Messages" [_thread_blocked, id=12652, stack(0x000000f132d00000,0x000000f133200000)]
  0x000002d363d23800 JavaThread "Thread-1" [_thread_in_native, id=15600, stack(0x000000f12d400000,0x000000f12e800000)]
  0x000002d3414c0800 JavaThread "TimerQueue" daemon [_thread_blocked, id=18776, stack(0x000000f133700000,0x000000f133c00000)]
  0x000002d3416f1800 JavaThread "AWT-Windows" daemon [_thread_in_native, id=9992, stack(0x000000f133200000,0x000000f133700000)]
  0x000002d341b52000 JavaThread "Java2D Disposer" daemon [_thread_blocked, id=3368, stack(0x000000f132800000,0x000000f132d00000)]
  0x000002d34107c000 JavaThread "Service Thread" daemon [_thread_blocked, id=1504, stack(0x000000f132200000,0x000000f132700000)]
  0x000002d33ff09000 JavaThread "Common-Cleaner" daemon [_thread_blocked, id=14660, stack(0x000000f131d00000,0x000000f132200000)]
  0x000002d33ff01000 JavaThread "Sweeper thread" daemon [_thread_blocked, id=12508, stack(0x000000f131800000,0x000000f131d00000)]
  0x000002d33fe0a800 JavaThread "C1 CompilerThread3" daemon [_thread_blocked, id=9876, stack(0x000000f131700000,0x000000f131800000)]
  0x000002d33fe08000 JavaThread "C2 CompilerThread2" daemon [_thread_blocked, id=9168, stack(0x000000f131600000,0x000000f131700000)]
  0x000002d33fe0a000 JavaThread "C2 CompilerThread1" daemon [_thread_blocked, id=19004, stack(0x000000f131500000,0x000000f131600000)]
  0x000002d340faa800 JavaThread "C2 CompilerThread0" daemon [_thread_blocked, id=11968, stack(0x000000f131400000,0x000000f131500000)]
  0x000002d340fa9800 JavaThread "Attach Listener" daemon [_thread_blocked, id=12284, stack(0x000000f130f00000,0x000000f131400000)]
  0x000002d33979f800 JavaThread "Signal Dispatcher" daemon [_thread_blocked, id=14028, stack(0x000000f130a00000,0x000000f130f00000)]
  0x000002d33bf91800 JavaThread "Finalizer" daemon [_thread_blocked, id=11316, stack(0x000000f130500000,0x000000f130a00000)]
  0x000002d33bfd8800 JavaThread "Reference Handler" daemon [_thread_blocked, id=18756, stack(0x000000f130000000,0x000000f130500000)]
  0x000002d33e864000 JavaThread "main" [_thread_blocked, id=13672, stack(0x000000f12d300000,0x000000f12d400000)]

Other Threads:
  0x000002d345950000 VMThread "VM Thread" [stack: 0x000000f12ff00000,0x000000f130000000] [id=16732]
  0x000002d34107d800 WatcherThread [stack: 0x000000f132700000,0x000000f132800000] [id=18584]
  0x000002d3400fc000 GCTaskThread "GC Thread#0" [stack: 0x000000f12eb00000,0x000000f12ec00000] [id=4644]
  0x000002d3455f4000 GCTaskThread "GC Thread#1" [stack: 0x000000f12ec00000,0x000000f12ed00000] [id=9144]
  0x000002d3455f2800 GCTaskThread "GC Thread#2" [stack: 0x000000f12ed00000,0x000000f12ee00000] [id=17460]
  0x000002d3455f1000 GCTaskThread "GC Thread#3" [stack: 0x000000f12ee00000,0x000000f12ef00000] [id=7056]
  0x000002d3455ee800 GCTaskThread "GC Thread#4" [stack: 0x000000f12ef00000,0x000000f12f000000] [id=7156]
  0x000002d3455f4800 GCTaskThread "GC Thread#5" [stack: 0x000000f12f000000,0x000000f12f100000] [id=14516]
  0x000002d3455f5000 GCTaskThread "GC Thread#6" [stack: 0x000000f12f100000,0x000000f12f200000] [id=1820]
  0x000002d3455f2000 GCTaskThread "GC Thread#7" [stack: 0x000000f12f200000,0x000000f12f300000] [id=10176]
  0x000002d345603000 ConcurrentGCThread "G1 Main Marker" [stack: 0x000000f12fc00000,0x000000f12fd00000] [id=15592]
  0x000002d3455f3800 ConcurrentGCThread "G1 Marker#0" [stack: 0x000000f12fd00000,0x000000f12fe00000] [id=16372]
  0x000002d3455ef000 ConcurrentGCThread "G1 Marker#1" [stack: 0x000000f12fe00000,0x000000f12ff00000] [id=9548]
  0x000002d340613000 ConcurrentGCThread "G1 Refine#0" [stack: 0x000000f12fa00000,0x000000f12fb00000] [id=8728]
  0x000002d340612800 ConcurrentGCThread "G1 Refine#1" [stack: 0x000000f12f900000,0x000000f12fa00000] [id=12124]
  0x000002d33e649800 ConcurrentGCThread "G1 Refine#2" [stack: 0x000000f12f800000,0x000000f12f900000] [id=8720]
  0x000002d33e648800 ConcurrentGCThread "G1 Refine#3" [stack: 0x000000f12f700000,0x000000f12f800000] [id=7348]
  0x000002d345630800 ConcurrentGCThread "G1 Refine#4" [stack: 0x000000f12f600000,0x000000f12f700000] [id=17452]
  0x000002d33e687800 ConcurrentGCThread "G1 Refine#5" [stack: 0x000000f12f500000,0x000000f12f600000] [id=14328]
  0x000002d33c8d2800 ConcurrentGCThread "G1 Refine#6" [stack: 0x000000f12f400000,0x000000f12f500000] [id=13424]
  0x000002d33c6e0000 ConcurrentGCThread "G1 Refine#7" [stack: 0x000000f12f300000,0x000000f12f400000] [id=7060]
  0x000002d345602000 ConcurrentGCThread "G1 Young RemSet Sampling" [stack: 0x000000f12fb00000,0x000000f12fc00000] [id=19080]

Threads with active compile tasks:

VM state:not at safepoint (normal execution)

VM Mutex/Monitor currently owned by a thread: None

Heap address: 0x0000000700000000, size: 3072 MB, Compressed Oops mode: Zero based, Oop shift amount: 3
Narrow klass base: 0x0000000000000000, Narrow klass shift: 3
Compressed class space size: 1073741824 Address: 0x00000007c0000000

Heap:
 garbage-first heap   total 161792K, used 124968K [0x0000000700000000, 0x00000007001004f0, 0x00000007c0000000)
  region size 1024K, 48 young (49152K), 1 survivors (1024K)
 Metaspace       used 82284K, capacity 87823K, committed 88008K, reserved 1124352K
  class space    used 11233K, capacity 12206K, committed 12232K, reserved 1048576K
Heap Regions: E=young(eden), S=young(survivor), O=old, HS=humongous(starts), HC=humongous(continues), CS=collection set, F=free, A=archive, TS=gc time stamp, AC=allocation context, TAMS=top-at-mark-start (previous, next)
|   0|0x0000000700000000, 0x00000007000f5320, 0x0000000700100000| 95%| O|  |TS  0|AC  0|TAMS 0x00000007000f5320, 0x00000007000f5320|
|   1|0x0000000700100000, 0x0000000700200000, 0x0000000700200000|100%|HS|  |TS  0|AC  0|TAMS 0x0000000700200000, 0x0000000700200000|
|   2|0x0000000700200000, 0x0000000700300000, 0x0000000700300000|100%|HC|  |TS  0|AC  0|TAMS 0x0000000700300000, 0x0000000700300000|
|   3|0x0000000700300000, 0x0000000700400000, 0x0000000700400000|100%|HS|  |TS  0|AC  0|TAMS 0x0000000700400000, 0x0000000700400000|
|   4|0x0000000700400000, 0x00000007004fffd8, 0x0000000700500000| 99%| O|  |TS  0|AC  0|TAMS 0x00000007004fffd8, 0x00000007004fffd8|
|   5|0x0000000700500000, 0x0000000700600000, 0x0000000700600000|100%| O|  |TS  0|AC  0|TAMS 0x0000000700600000, 0x0000000700600000|
|   6|0x0000000700600000, 0x00000007006fffc0, 0x0000000700700000| 99%| O|  |TS  0|AC  0|TAMS 0x00000007006fffc0, 0x00000007006fffc0|
|   7|0x0000000700700000, 0x00000007007ffff0, 0x0000000700800000| 99%| O|  |TS  0|AC  0|TAMS 0x00000007007ffff0, 0x00000007007ffff0|
|   8|0x0000000700800000, 0x0000000700900000, 0x0000000700900000|100%| O|  |TS  0|AC  0|TAMS 0x0000000700900000, 0x0000000700900000|
|   9|0x0000000700900000, 0x0000000700a00000, 0x0000000700a00000|100%| O|  |TS  0|AC  0|TAMS 0x0000000700a00000, 0x0000000700a00000|
|  10|0x0000000700a00000, 0x0000000700affff8, 0x0000000700b00000| 99%| O|  |TS  0|AC  0|TAMS 0x0000000700affff8, 0x0000000700affff8|
|  11|0x0000000700b00000, 0x0000000700bfffe8, 0x0000000700c00000| 99%| O|  |TS  0|AC  0|TAMS 0x0000000700bfffe8, 0x0000000700bfffe8|
|  12|0x0000000700c00000, 0x0000000700cfeb48, 0x0000000700d00000| 99%| O|  |TS  0|AC  0|TAMS 0x0000000700cfeb48, 0x0000000700cfeb48|
|  13|0x0000000700d00000, 0x0000000700de9568, 0x0000000700e00000| 91%| O|  |TS  0|AC  0|TAMS 0x0000000700de9568, 0x0000000700de9568|
|  14|0x0000000700e00000, 0x0000000700effff0, 0x0000000700f00000| 99%| O|  |TS  0|AC  0|TAMS 0x0000000700effff0, 0x0000000700effff0|
|  15|0x0000000700f00000, 0x0000000700ff0bf8, 0x0000000701000000| 94%| O|  |TS  0|AC  0|TAMS 0x0000000700ff0bf8, 0x0000000700ff0bf8|
|  16|0x0000000701000000, 0x00000007010ffc68, 0x0000000701100000| 99%| O|  |TS  0|AC  0|TAMS 0x00000007010ffc68, 0x00000007010ffc68|
|  17|0x0000000701100000, 0x00000007011d7800, 0x0000000701200000| 84%| O|  |TS  0|AC  0|TAMS 0x00000007011d7800, 0x00000007011d7800|
|  18|0x0000000701200000, 0x00000007012fffe0, 0x0000000701300000| 99%| O|  |TS  0|AC  0|TAMS 0x00000007012fffe0, 0x00000007012fffe0|
|  19|0x0000000701300000, 0x00000007013feee8, 0x0000000701400000| 99%| O|  |TS  0|AC  0|TAMS 0x00000007013feee8, 0x00000007013feee8|
|  20|0x0000000701400000, 0x00000007014fffe8, 0x0000000701500000| 99%| O|  |TS  0|AC  0|TAMS 0x00000007014fffe8, 0x00000007014fffe8|
|  21|0x0000000701500000, 0x0000000701600000, 0x0000000701600000|100%|HS|  |TS  0|AC  0|TAMS 0x0000000701600000, 0x0000000701600000|
|  22|0x0000000701600000, 0x00000007016fffe0, 0x0000000701700000| 99%| O|  |TS  0|AC  0|TAMS 0x00000007016fffe0, 0x00000007016fffe0|
|  23|0x0000000701700000, 0x00000007017ffff8, 0x0000000701800000| 99%| O|  |TS  0|AC  0|TAMS 0x00000007017ffff8, 0x00000007017ffff8|
|  24|0x0000000701800000, 0x00000007018ffff8, 0x0000000701900000| 99%| O|  |TS  0|AC  0|TAMS 0x00000007018ffff8, 0x00000007018ffff8|
|  25|0x0000000701900000, 0x00000007019fffd0, 0x0000000701a00000| 99%| O|  |TS  0|AC  0|TAMS 0x00000007019fffd0, 0x00000007019fffd0|
|  26|0x0000000701a00000, 0x0000000701b00000, 0x0000000701b00000|100%| O|  |TS  0|AC  0|TAMS 0x0000000701b00000, 0x0000000701b00000|
|  27|0x0000000701b00000, 0x0000000701c00000, 0x0000000701c00000|100%| O|  |TS  0|AC  0|TAMS 0x0000000701c00000, 0x0000000701c00000|
|  28|0x0000000701c00000, 0x0000000701cffff8, 0x0000000701d00000| 99%| O|  |TS  0|AC  0|TAMS 0x0000000701cffff8, 0x0000000701cffff8|
|  29|0x0000000701d00000, 0x0000000701dffff8, 0x0000000701e00000| 99%| O|  |TS  0|AC  0|TAMS 0x0000000701dffff8, 0x0000000701dffff8|
|  30|0x0000000701e00000, 0x0000000701f00000, 0x0000000701f00000|100%| O|  |TS  0|AC  0|TAMS 0x0000000701f00000, 0x0000000701f00000|
|  31|0x0000000701f00000, 0x0000000701fffff8, 0x0000000702000000| 99%| O|  |TS  0|AC  0|TAMS 0x0000000701fffff8, 0x0000000701fffff8|
|  32|0x0000000702000000, 0x00000007020fff28, 0x0000000702100000| 99%| O|  |TS  0|AC  0|TAMS 0x00000007020fff28, 0x00000007020fff28|
|  33|0x0000000702100000, 0x00000007021ffff8, 0x0000000702200000| 99%| O|  |TS  0|AC  0|TAMS 0x00000007021ffff8, 0x00000007021ffff8|
|  34|0x0000000702200000, 0x00000007022fffe8, 0x0000000702300000| 99%| O|  |TS  0|AC  0|TAMS 0x00000007022fffe8, 0x00000007022fffe8|
|  35|0x0000000702300000, 0x00000007023ffff0, 0x0000000702400000| 99%| O|  |TS  0|AC  0|TAMS 0x00000007023ffff0, 0x00000007023ffff0|
|  36|0x0000000702400000, 0x00000007024fffe8, 0x0000000702500000| 99%| O|  |TS  0|AC  0|TAMS 0x00000007024fffe8, 0x00000007024fffe8|
|  37|0x0000000702500000, 0x00000007025ffff0, 0x0000000702600000| 99%| O|  |TS  0|AC  0|TAMS 0x00000007025ffff0, 0x00000007025ffff0|
|  38|0x0000000702600000, 0x00000007026fffc8, 0x0000000702700000| 99%| O|  |TS  0|AC  0|TAMS 0x00000007026fffc8, 0x00000007026fffc8|
|  39|0x0000000702700000, 0x00000007027ffff8, 0x0000000702800000| 99%| O|  |TS  0|AC  0|TAMS 0x00000007027ffff8, 0x00000007027ffff8|
|  40|0x0000000702800000, 0x0000000702900000, 0x0000000702900000|100%| O|  |TS  0|AC  0|TAMS 0x0000000702900000, 0x0000000702900000|
|  41|0x0000000702900000, 0x00000007029c6528, 0x0000000702a00000| 77%| O|  |TS  0|AC  0|TAMS 0x00000007029c6528, 0x00000007029c6528|
|  42|0x0000000702a00000, 0x0000000702affff8, 0x0000000702b00000| 99%| O|  |TS  0|AC  0|TAMS 0x0000000702affff8, 0x0000000702affff8|
|  43|0x0000000702b00000, 0x0000000702c00000, 0x0000000702c00000|100%| O|  |TS  0|AC  0|TAMS 0x0000000702c00000, 0x0000000702c00000|
|  44|0x0000000702c00000, 0x0000000702cff708, 0x0000000702d00000| 99%| O|  |TS  0|AC  0|TAMS 0x0000000702cff708, 0x0000000702cff708|
|  45|0x0000000702d00000, 0x0000000702dffff8, 0x0000000702e00000| 99%| O|  |TS  0|AC  0|TAMS 0x0000000702dffff8, 0x0000000702dffff8|
|  46|0x0000000702e00000, 0x0000000702efffa0, 0x0000000702f00000| 99%| O|  |TS  0|AC  0|TAMS 0x0000000702efffa0, 0x0000000702efffa0|
|  47|0x0000000702f00000, 0x0000000703000000, 0x0000000703000000|100%| O|  |TS  0|AC  0|TAMS 0x0000000703000000, 0x0000000703000000|
|  48|0x0000000703000000, 0x00000007030fffe8, 0x0000000703100000| 99%| O|  |TS  0|AC  0|TAMS 0x00000007030fffe8, 0x00000007030fffe8|
|  49|0x0000000703100000, 0x00000007031fffe0, 0x0000000703200000| 99%| O|  |TS  0|AC  0|TAMS 0x00000007031fffe0, 0x00000007031fffe0|
|  50|0x0000000703200000, 0x0000000703300000, 0x0000000703300000|100%| O|  |TS  0|AC  0|TAMS 0x0000000703300000, 0x0000000703300000|
|  51|0x0000000703300000, 0x00000007033ffff0, 0x0000000703400000| 99%| O|  |TS  0|AC  0|TAMS 0x00000007033ffff0, 0x00000007033ffff0|
|  52|0x0000000703400000, 0x0000000703500000, 0x0000000703500000|100%| O|  |TS  0|AC  0|TAMS 0x0000000703500000, 0x0000000703500000|
|  53|0x0000000703500000, 0x00000007035ffff8, 0x0000000703600000| 99%| O|  |TS  0|AC  0|TAMS 0x00000007035ffff8, 0x00000007035ffff8|
|  54|0x0000000703600000, 0x00000007036ff0c0, 0x0000000703700000| 99%| O|  |TS  0|AC  0|TAMS 0x00000007036ff0c0, 0x00000007036ff0c0|
|  55|0x0000000703700000, 0x00000007037fff38, 0x0000000703800000| 99%| O|  |TS  0|AC  0|TAMS 0x00000007037fff38, 0x00000007037fff38|
|  56|0x0000000703800000, 0x00000007038dece8, 0x0000000703900000| 87%| O|  |TS  0|AC  0|TAMS 0x00000007038dece8, 0x00000007038dece8|
|  57|0x0000000703900000, 0x0000000703900000, 0x0000000703a00000|  0%| F|  |TS  0|AC  0|TAMS 0x0000000703900000, 0x0000000703900000|
|  58|0x0000000703a00000, 0x0000000703a00000, 0x0000000703b00000|  0%| F|  |TS  0|AC  0|TAMS 0x0000000703a00000, 0x0000000703a00000|
|  59|0x0000000703b00000, 0x0000000703b00000, 0x0000000703c00000|  0%| F|  |TS  0|AC  0|TAMS 0x0000000703b00000, 0x0000000703b00000|
|  60|0x0000000703c00000, 0x0000000703c00000, 0x0000000703d00000|  0%| F|  |TS  0|AC  0|TAMS 0x0000000703c00000, 0x0000000703c00000|
|  61|0x0000000703d00000, 0x0000000703d00000, 0x0000000703e00000|  0%| F|  |TS  0|AC  0|TAMS 0x0000000703d00000, 0x0000000703d00000|
|  62|0x0000000703e00000, 0x0000000703e00000, 0x0000000703f00000|  0%| F|  |TS  0|AC  0|TAMS 0x0000000703e00000, 0x0000000703e00000|
|  63|0x0000000703f00000, 0x0000000704000000, 0x0000000704000000|100%|HS|  |TS  0|AC  0|TAMS 0x0000000704000000, 0x0000000704000000|
|  64|0x0000000704000000, 0x0000000704100000, 0x0000000704100000|100%|HC|  |TS  0|AC  0|TAMS 0x0000000704100000, 0x0000000704100000|
|  65|0x0000000704100000, 0x0000000704200000, 0x0000000704200000|100%|HC|  |TS  0|AC  0|TAMS 0x0000000704200000, 0x0000000704200000|
|  66|0x0000000704200000, 0x0000000704300000, 0x0000000704300000|100%|HC|  |TS  0|AC  0|TAMS 0x0000000704300000, 0x0000000704300000|
|  67|0x0000000704300000, 0x0000000704300000, 0x0000000704400000|  0%| F|  |TS  0|AC  0|TAMS 0x0000000704300000, 0x0000000704300000|
|  68|0x0000000704400000, 0x0000000704500000, 0x0000000704500000|100%|HS|  |TS  0|AC  0|TAMS 0x0000000704500000, 0x0000000704500000|
|  69|0x0000000704500000, 0x0000000704500000, 0x0000000704600000|  0%| F|  |TS  0|AC  0|TAMS 0x0000000704500000, 0x0000000704500000|
|  70|0x0000000704600000, 0x0000000704700000, 0x0000000704700000|100%|HS|  |TS  0|AC  0|TAMS 0x0000000704700000, 0x0000000704700000|
|  71|0x0000000704700000, 0x0000000704800000, 0x0000000704800000|100%|HC|  |TS  0|AC  0|TAMS 0x0000000704800000, 0x0000000704800000|
|  72|0x0000000704800000, 0x0000000704900000, 0x0000000704900000|100%|HS|  |TS  0|AC  0|TAMS 0x0000000704900000, 0x0000000704900000|
|  73|0x0000000704900000, 0x0000000704a00000, 0x0000000704a00000|100%|HC|  |TS  0|AC  0|TAMS 0x0000000704a00000, 0x0000000704a00000|
|  74|0x0000000704a00000, 0x0000000704b00000, 0x0000000704b00000|100%|HC|  |TS  0|AC  0|TAMS 0x0000000704b00000, 0x0000000704b00000|
|  75|0x0000000704b00000, 0x0000000704c00000, 0x0000000704c00000|100%|HC|  |TS  0|AC  0|TAMS 0x0000000704c00000, 0x0000000704c00000|
|  76|0x0000000704c00000, 0x0000000704c00000, 0x0000000704d00000|  0%| F|  |TS  0|AC  0|TAMS 0x0000000704c00000, 0x0000000704c00000|
|  77|0x0000000704d00000, 0x0000000704d00000, 0x0000000704e00000|  0%| F|  |TS  0|AC  0|TAMS 0x0000000704d00000, 0x0000000704d00000|
|  78|0x0000000704e00000, 0x0000000704e00000, 0x0000000704f00000|  0%| F|  |TS  0|AC  0|TAMS 0x0000000704e00000, 0x0000000704e00000|
|  79|0x0000000704f00000, 0x0000000704f00000, 0x0000000705000000|  0%| F|  |TS  0|AC  0|TAMS 0x0000000704f00000, 0x0000000704f00000|
|  80|0x0000000705000000, 0x0000000705100000, 0x0000000705100000|100%|HS|  |TS  0|AC  0|TAMS 0x0000000705100000, 0x0000000705100000|
|  81|0x0000000705100000, 0x0000000705200000, 0x0000000705200000|100%|HC|  |TS  0|AC  0|TAMS 0x0000000705200000, 0x0000000705200000|
|  82|0x0000000705200000, 0x0000000705300000, 0x0000000705300000|100%|HC|  |TS  0|AC  0|TAMS 0x0000000705300000, 0x0000000705300000|
|  83|0x0000000705300000, 0x0000000705400000, 0x0000000705400000|100%|HC|  |TS  0|AC  0|TAMS 0x0000000705400000, 0x0000000705400000|
|  84|0x0000000705400000, 0x0000000705500000, 0x0000000705500000|100%|HC|  |TS  0|AC  0|TAMS 0x0000000705500000, 0x0000000705500000|
|  85|0x0000000705500000, 0x0000000705600000, 0x0000000705600000|100%|HC|  |TS  0|AC  0|TAMS 0x0000000705600000, 0x0000000705600000|
|  86|0x0000000705600000, 0x0000000705700000, 0x0000000705700000|100%|HC|  |TS  0|AC  0|TAMS 0x0000000705700000, 0x0000000705700000|
|  87|0x0000000705700000, 0x0000000705800000, 0x0000000705800000|100%|HC|  |TS  0|AC  0|TAMS 0x0000000705800000, 0x0000000705800000|
|  88|0x0000000705800000, 0x0000000705800000, 0x0000000705900000|  0%| F|  |TS  0|AC  0|TAMS 0x0000000705800000, 0x0000000705800000|
|  89|0x0000000705900000, 0x0000000705900000, 0x0000000705a00000|  0%| F|  |TS  0|AC  0|TAMS 0x0000000705900000, 0x0000000705900000|
|  90|0x0000000705a00000, 0x0000000705a00000, 0x0000000705b00000|  0%| F|  |TS  0|AC  0|TAMS 0x0000000705a00000, 0x0000000705a00000|
|  91|0x0000000705b00000, 0x0000000705b00000, 0x0000000705c00000|  0%| F|  |TS  0|AC  0|TAMS 0x0000000705b00000, 0x0000000705b00000|
|  92|0x0000000705c00000, 0x0000000705c00000, 0x0000000705d00000|  0%| F|  |TS  0|AC  0|TAMS 0x0000000705c00000, 0x0000000705c00000|
|  93|0x0000000705d00000, 0x0000000705d00000, 0x0000000705e00000|  0%| F|  |TS  0|AC  0|TAMS 0x0000000705d00000, 0x0000000705d00000|
|  94|0x0000000705e00000, 0x0000000705e00000, 0x0000000705f00000|  0%| F|  |TS  0|AC  0|TAMS 0x0000000705e00000, 0x0000000705e00000|
|  95|0x0000000705f00000, 0x0000000705f00000, 0x0000000706000000|  0%| F|  |TS  0|AC  0|TAMS 0x0000000705f00000, 0x0000000705f00000|
|  96|0x0000000706000000, 0x0000000706000000, 0x0000000706100000|  0%| F|  |TS  0|AC  0|TAMS 0x0000000706000000, 0x0000000706000000|
|  97|0x0000000706100000, 0x0000000706100000, 0x0000000706200000|  0%| F|  |TS  1|AC  0|TAMS 0x0000000706100000, 0x0000000706100000|
|  98|0x0000000706200000, 0x00000007062c2a18, 0x0000000706300000| 76%| S|CS|TS  1|AC  0|TAMS 0x0000000706200000, 0x0000000706200000|
|  99|0x0000000706300000, 0x0000000706300000, 0x0000000706400000|  0%| F|  |TS  1|AC  0|TAMS 0x0000000706300000, 0x0000000706300000|
| 100|0x0000000706400000, 0x0000000706400000, 0x0000000706500000|  0%| F|  |TS  1|AC  0|TAMS 0x0000000706400000, 0x0000000706400000|
| 101|0x0000000706500000, 0x0000000706500000, 0x0000000706600000|  0%| F|  |TS  1|AC  0|TAMS 0x0000000706500000, 0x0000000706500000|
| 102|0x0000000706600000, 0x0000000706600000, 0x0000000706700000|  0%| F|  |TS  1|AC  0|TAMS 0x0000000706600000, 0x0000000706600000|
| 103|0x0000000706700000, 0x0000000706700000, 0x0000000706800000|  0%| F|  |TS  1|AC  0|TAMS 0x0000000706700000, 0x0000000706700000|
| 104|0x0000000706800000, 0x0000000706800000, 0x0000000706900000|  0%| F|  |TS  1|AC  0|TAMS 0x0000000706800000, 0x0000000706800000|
| 105|0x0000000706900000, 0x0000000706900000, 0x0000000706a00000|  0%| F|  |TS  1|AC  0|TAMS 0x0000000706900000, 0x0000000706900000|
| 106|0x0000000706a00000, 0x0000000706a00000, 0x0000000706b00000|  0%| F|  |TS  1|AC  0|TAMS 0x0000000706a00000, 0x0000000706a00000|
| 107|0x0000000706b00000, 0x0000000706b00000, 0x0000000706c00000|  0%| F|  |TS  1|AC  0|TAMS 0x0000000706b00000, 0x0000000706b00000|
| 108|0x0000000706c00000, 0x0000000706c00000, 0x0000000706d00000|  0%| F|  |TS  1|AC  0|TAMS 0x0000000706c00000, 0x0000000706c00000|
| 109|0x0000000706d00000, 0x0000000706d00000, 0x0000000706e00000|  0%| F|  |TS  1|AC  0|TAMS 0x0000000706d00000, 0x0000000706d00000|
| 110|0x0000000706e00000, 0x0000000706e00000, 0x0000000706f00000|  0%| F|  |TS  1|AC  0|TAMS 0x0000000706e00000, 0x0000000706e00000|
| 111|0x0000000706f00000, 0x0000000706f52150, 0x0000000707000000| 32%| E|  |TS  1|AC  0|TAMS 0x0000000706f00000, 0x0000000706f00000|
| 112|0x0000000707000000, 0x0000000707100000, 0x0000000707100000|100%| E|CS|TS  1|AC  0|TAMS 0x0000000707000000, 0x0000000707000000|
| 113|0x0000000707100000, 0x0000000707200000, 0x0000000707200000|100%| E|CS|TS  1|AC  0|TAMS 0x0000000707100000, 0x0000000707100000|
| 114|0x0000000707200000, 0x0000000707300000, 0x0000000707300000|100%| E|CS|TS  1|AC  0|TAMS 0x0000000707200000, 0x0000000707200000|
| 115|0x0000000707300000, 0x0000000707400000, 0x0000000707400000|100%| E|CS|TS  1|AC  0|TAMS 0x0000000707300000, 0x0000000707300000|
| 116|0x0000000707400000, 0x0000000707500000, 0x0000000707500000|100%| E|CS|TS  1|AC  0|TAMS 0x0000000707400000, 0x0000000707400000|
| 117|0x0000000707500000, 0x0000000707600000, 0x0000000707600000|100%| E|CS|TS  1|AC  0|TAMS 0x0000000707500000, 0x0000000707500000|
| 118|0x0000000707600000, 0x0000000707700000, 0x0000000707700000|100%| E|CS|TS  1|AC  0|TAMS 0x0000000707600000, 0x0000000707600000|
| 119|0x0000000707700000, 0x0000000707800000, 0x0000000707800000|100%| E|CS|TS  1|AC  0|TAMS 0x0000000707700000, 0x0000000707700000|
| 120|0x0000000707800000, 0x0000000707900000, 0x0000000707900000|100%| E|CS|TS  1|AC  0|TAMS 0x0000000707800000, 0x0000000707800000|
| 121|0x0000000707900000, 0x0000000707a00000, 0x0000000707a00000|100%| E|CS|TS  1|AC  0|TAMS 0x0000000707900000, 0x0000000707900000|
| 122|0x0000000707a00000, 0x0000000707b00000, 0x0000000707b00000|100%| E|CS|TS  1|AC  0|TAMS 0x0000000707a00000, 0x0000000707a00000|
| 123|0x0000000707b00000, 0x0000000707c00000, 0x0000000707c00000|100%| E|CS|TS  1|AC  0|TAMS 0x0000000707b00000, 0x0000000707b00000|
| 124|0x0000000707c00000, 0x0000000707d00000, 0x0000000707d00000|100%| E|CS|TS  1|AC  0|TAMS 0x0000000707c00000, 0x0000000707c00000|
| 125|0x0000000707d00000, 0x0000000707e00000, 0x0000000707e00000|100%| E|CS|TS  1|AC  0|TAMS 0x0000000707d00000, 0x0000000707d00000|
| 126|0x0000000707e00000, 0x0000000707f00000, 0x0000000707f00000|100%| E|CS|TS  1|AC  0|TAMS 0x0000000707e00000, 0x0000000707e00000|
| 127|0x0000000707f00000, 0x0000000708000000, 0x0000000708000000|100%| E|CS|TS  1|AC  0|TAMS 0x0000000707f00000, 0x0000000707f00000|
| 128|0x0000000708000000, 0x0000000708100000, 0x0000000708100000|100%| E|CS|TS  1|AC  0|TAMS 0x0000000708000000, 0x0000000708000000|
| 129|0x0000000708100000, 0x0000000708200000, 0x0000000708200000|100%| E|CS|TS  1|AC  0|TAMS 0x0000000708100000, 0x0000000708100000|
| 130|0x0000000708200000, 0x0000000708300000, 0x0000000708300000|100%| E|CS|TS  1|AC  0|TAMS 0x0000000708200000, 0x0000000708200000|
| 131|0x0000000708300000, 0x0000000708400000, 0x0000000708400000|100%| E|CS|TS  1|AC  0|TAMS 0x0000000708300000, 0x0000000708300000|
| 132|0x0000000708400000, 0x0000000708500000, 0x0000000708500000|100%| E|CS|TS  1|AC  0|TAMS 0x0000000708400000, 0x0000000708400000|
| 133|0x0000000708500000, 0x0000000708600000, 0x0000000708600000|100%| E|CS|TS  1|AC  0|TAMS 0x0000000708500000, 0x0000000708500000|
| 134|0x0000000708600000, 0x0000000708700000, 0x0000000708700000|100%| E|CS|TS  1|AC  0|TAMS 0x0000000708600000, 0x0000000708600000|
| 135|0x0000000708700000, 0x0000000708800000, 0x0000000708800000|100%| E|CS|TS  1|AC  0|TAMS 0x0000000708700000, 0x0000000708700000|
| 136|0x0000000708800000, 0x0000000708900000, 0x0000000708900000|100%| E|CS|TS  1|AC  0|TAMS 0x0000000708800000, 0x0000000708800000|
| 137|0x0000000708900000, 0x0000000708a00000, 0x0000000708a00000|100%| E|CS|TS  1|AC  0|TAMS 0x0000000708900000, 0x0000000708900000|
| 138|0x0000000708a00000, 0x0000000708b00000, 0x0000000708b00000|100%| E|CS|TS  1|AC  0|TAMS 0x0000000708a00000, 0x0000000708a00000|
| 139|0x0000000708b00000, 0x0000000708c00000, 0x0000000708c00000|100%| E|CS|TS  1|AC  0|TAMS 0x0000000708b00000, 0x0000000708b00000|
| 140|0x0000000708c00000, 0x0000000708d00000, 0x0000000708d00000|100%| E|CS|TS  1|AC  0|TAMS 0x0000000708c00000, 0x0000000708c00000|
| 141|0x0000000708d00000, 0x0000000708e00000, 0x0000000708e00000|100%| E|CS|TS  1|AC  0|TAMS 0x0000000708d00000, 0x0000000708d00000|
| 142|0x0000000708e00000, 0x0000000708f00000, 0x0000000708f00000|100%| E|CS|TS  1|AC  0|TAMS 0x0000000708e00000, 0x0000000708e00000|
| 143|0x0000000708f00000, 0x0000000709000000, 0x0000000709000000|100%| E|CS|TS  1|AC  0|TAMS 0x0000000708f00000, 0x0000000708f00000|
| 144|0x0000000709000000, 0x0000000709100000, 0x0000000709100000|100%| E|CS|TS  1|AC  0|TAMS 0x0000000709000000, 0x0000000709000000|
| 145|0x0000000709100000, 0x0000000709200000, 0x0000000709200000|100%| E|CS|TS  1|AC  0|TAMS 0x0000000709100000, 0x0000000709100000|
| 146|0x0000000709200000, 0x0000000709300000, 0x0000000709300000|100%| E|CS|TS  1|AC  0|TAMS 0x0000000709200000, 0x0000000709200000|
| 147|0x0000000709300000, 0x0000000709400000, 0x0000000709400000|100%| E|CS|TS  1|AC  0|TAMS 0x0000000709300000, 0x0000000709300000|
| 148|0x0000000709400000, 0x0000000709500000, 0x0000000709500000|100%| E|CS|TS  1|AC  0|TAMS 0x0000000709400000, 0x0000000709400000|
| 149|0x0000000709500000, 0x0000000709600000, 0x0000000709600000|100%| E|CS|TS  1|AC  0|TAMS 0x0000000709500000, 0x0000000709500000|
| 150|0x0000000709600000, 0x0000000709700000, 0x0000000709700000|100%| E|CS|TS  1|AC  0|TAMS 0x0000000709600000, 0x0000000709600000|
| 151|0x0000000709700000, 0x0000000709800000, 0x0000000709800000|100%| E|CS|TS  1|AC  0|TAMS 0x0000000709700000, 0x0000000709700000|
| 152|0x0000000709800000, 0x0000000709900000, 0x0000000709900000|100%| E|CS|TS  1|AC  0|TAMS 0x0000000709800000, 0x0000000709800000|
| 153|0x0000000709900000, 0x0000000709a00000, 0x0000000709a00000|100%| E|CS|TS  1|AC  0|TAMS 0x0000000709900000, 0x0000000709900000|
| 154|0x0000000709a00000, 0x0000000709b00000, 0x0000000709b00000|100%| E|CS|TS  1|AC  0|TAMS 0x0000000709a00000, 0x0000000709a00000|
| 155|0x0000000709b00000, 0x0000000709c00000, 0x0000000709c00000|100%| E|CS|TS  1|AC  0|TAMS 0x0000000709b00000, 0x0000000709b00000|
| 156|0x0000000709c00000, 0x0000000709d00000, 0x0000000709d00000|100%| E|CS|TS  1|AC  0|TAMS 0x0000000709c00000, 0x0000000709c00000|
| 157|0x0000000709d00000, 0x0000000709e00000, 0x0000000709e00000|100%| E|CS|TS  1|AC  0|TAMS 0x0000000709d00000, 0x0000000709d00000|

Card table byte_map: [0x000002d3428b0000,0x000002d342eb0000] byte_map_base: 0x000002d33f0b0000

Marking Bits (Prev, Next): (CMBitMap*) 0x000002d33e66b718, (CMBitMap*) 0x000002d33e66b6e0
 Prev Bits: [0x000002d35e7a0000, 0x000002d3617a0000)
 Next Bits: [0x000002d35b7a0000, 0x000002d35e7a0000)

Polling page: 0x000002d337040000

CodeHeap 'non-profiled nmethods': size=120000Kb used=16743Kb max_used=17539Kb free=103257Kb
 bounds [0x000002d354270000, 0x000002d3553a0000, 0x000002d35b7a0000]
CodeHeap 'profiled nmethods': size=120000Kb used=37958Kb max_used=42001Kb free=82041Kb
 bounds [0x000002d34cd40000, 0x000002d34f680000, 0x000002d354270000]
CodeHeap 'non-nmethods': size=5760Kb used=1746Kb max_used=1820Kb free=4014Kb
 bounds [0x000002d34c7a0000, 0x000002d34ca10000, 0x000002d34cd40000]
 total_blobs=28116 nmethods=15400 adapters=1064
 compilation: enabled

Compilation events (10 events):
Event: 1984.433 Thread 0x000002d33fe0a800 19773       3       javax.swing.plaf.synth.SynthProgressBarUI::paintBorder (24 bytes)
Event: 1984.433 Thread 0x000002d33fe0a800 nmethod 19773 0x000002d34d2e1210 code [0x000002d34d2e1400, 0x000002d34d2e1860]
Event: 1984.433 Thread 0x000002d33fe0a800 19774       3       javax.swing.plaf.synth.SynthPainter::paintProgressBarBorder (14 bytes)
Event: 1984.433 Thread 0x000002d33fe0a800 nmethod 19774 0x000002d34d132a10 code [0x000002d34d132bc0, 0x000002d34d132dd0]
Event: 1984.433 Thread 0x000002d33fe0a800 19775       3       de.javasoft.plaf.synthetica.painter.SyntheticaPainter::paintProgressBarBorder (81 bytes)
Event: 1984.434 Thread 0x000002d33fe0a800 nmethod 19775 0x000002d34d3f4f10 code [0x000002d34d3f5160, 0x000002d34d3f5e30]
Event: 1984.434 Thread 0x000002d33fe0a800 19776       3       de.javasoft.plaf.synthetica.painter.ProgressBarPainter::paintProgressBarBorder (1 bytes)
Event: 1984.434 Thread 0x000002d33fe0a800 nmethod 19776 0x000002d34cf2e810 code [0x000002d34cf2e9c0, 0x000002d34cf2eb18]
Event: 1985.533 Thread 0x000002d340faa800 19777       4       java.awt.WaitDispatchSupport$1::evaluate (134 bytes)
Event: 1985.537 Thread 0x000002d340faa800 nmethod 19777 0x000002d3545ecd90 code [0x000002d3545ecf80, 0x000002d3545ed268]

GC Heap History (10 events):
Event: 1595.464 GC heap before
{Heap before GC invocations=175 (full 33):
 garbage-first heap   total 161792K, used 137844K [0x0000000700000000, 0x00000007001004f0, 0x00000007c0000000)
  region size 1024K, 60 young (61440K), 1 survivors (1024K)
 Metaspace       used 82172K, capacity 87689K, committed 87752K, reserved 1124352K
  class space    used 11232K, capacity 12205K, committed 12232K, reserved 1048576K
}
Event: 1595.467 GC heap after
{Heap after GC invocations=176 (full 33):
 garbage-first heap   total 161792K, used 77487K [0x0000000700000000, 0x00000007001004f0, 0x00000007c0000000)
  region size 1024K, 1 young (1024K), 1 survivors (1024K)
 Metaspace       used 82172K, capacity 87689K, committed 87752K, reserved 1124352K
  class space    used 11232K, capacity 12205K, committed 12232K, reserved 1048576K
}
Event: 1786.410 GC heap before
{Heap before GC invocations=176 (full 33):
 garbage-first heap   total 161792K, used 137903K [0x0000000700000000, 0x00000007001004f0, 0x00000007c0000000)
  region size 1024K, 60 young (61440K), 1 survivors (1024K)
 Metaspace       used 82178K, capacity 87695K, committed 87752K, reserved 1124352K
  class space    used 11233K, capacity 12206K, committed 12232K, reserved 1048576K
}
Event: 1786.413 GC heap after
{Heap after GC invocations=177 (full 33):
 garbage-first heap   total 161792K, used 77685K [0x0000000700000000, 0x00000007001004f0, 0x00000007c0000000)
  region size 1024K, 1 young (1024K), 1 survivors (1024K)
 Metaspace       used 82178K, capacity 87695K, committed 87752K, reserved 1124352K
  class space    used 11233K, capacity 12206K, committed 12232K, reserved 1048576K
}
Event: 1961.768 GC heap before
{Heap before GC invocations=178 (full 33):
 garbage-first heap   total 161792K, used 138101K [0x0000000700000000, 0x00000007001004f0, 0x00000007c0000000)
  region size 1024K, 60 young (61440K), 1 survivors (1024K)
 Metaspace       used 82206K, capacity 87695K, committed 87752K, reserved 1124352K
  class space    used 11233K, capacity 12206K, committed 12232K, reserved 1048576K
}
Event: 1961.771 GC heap after
{Heap after GC invocations=179 (full 33):
 garbage-first heap   total 161792K, used 77780K [0x0000000700000000, 0x00000007001004f0, 0x00000007c0000000)
  region size 1024K, 1 young (1024K), 1 survivors (1024K)
 Metaspace       used 82206K, capacity 87695K, committed 87752K, reserved 1124352K
  class space    used 11233K, capacity 12206K, committed 12232K, reserved 1048576K
}
Event: 1971.895 GC heap before
{Heap before GC invocations=179 (full 33):
 garbage-first heap   total 161792K, used 138196K [0x0000000700000000, 0x00000007001004f0, 0x00000007c0000000)
  region size 1024K, 60 young (61440K), 1 survivors (1024K)
 Metaspace       used 82252K, capacity 87823K, committed 88008K, reserved 1124352K
  class space    used 11233K, capacity 12206K, committed 12232K, reserved 1048576K
}
Event: 1971.898 GC heap after
{Heap after GC invocations=180 (full 33):
 garbage-first heap   total 161792K, used 77695K [0x0000000700000000, 0x00000007001004f0, 0x00000007c0000000)
  region size 1024K, 1 young (1024K), 1 survivors (1024K)
 Metaspace       used 82252K, capacity 87823K, committed 88008K, reserved 1124352K
  class space    used 11233K, capacity 12206K, committed 12232K, reserved 1048576K
}
Event: 1980.594 GC heap before
{Heap before GC invocations=181 (full 33):
 garbage-first heap   total 161792K, used 138111K [0x0000000700000000, 0x00000007001004f0, 0x00000007c0000000)
  region size 1024K, 60 young (61440K), 1 survivors (1024K)
 Metaspace       used 82254K, capacity 87823K, committed 88008K, reserved 1124352K
  class space    used 11233K, capacity 12206K, committed 12232K, reserved 1048576K
}
Event: 1980.597 GC heap after
{Heap after GC invocations=182 (full 33):
 garbage-first heap   total 161792K, used 77864K [0x0000000700000000, 0x00000007001004f0, 0x00000007c0000000)
  region size 1024K, 1 young (1024K), 1 survivors (1024K)
 Metaspace       used 82254K, capacity 87823K, committed 88008K, reserved 1124352K
  class space    used 11233K, capacity 12206K, committed 12232K, reserved 1048576K
}

Deoptimization events (10 events):
Event: 1473.048 Thread 0x000002d364130000 Uncommon trap: reason=bimorphic_or_optimized_type_check action=maybe_recompile pc=0x000002d354d3681c method=java.awt.Component.addNotify()V @ 200 c2
Event: 1473.064 Thread 0x000002d364130000 Uncommon trap: reason=speculate_class_check action=maybe_recompile pc=0x000002d3546974e4 method=java.awt.DefaultKeyboardFocusManager.dispatchEvent(Ljava/awt/AWTEvent;)Z @ 1467 c2
Event: 1474.726 Thread 0x000002d364130000 Uncommon trap: reason=class_check action=maybe_recompile pc=0x000002d3550b88a4 method=javax.swing.plaf.synth.ParsedSynthStyle$DelegatingPainter.paintPanelBackground(Ljavax/swing/plaf/synth/SynthContext;Ljava/awt/Graphics;IIII)V @ 16 c2
Event: 1484.693 Thread 0x000002d364130000 Uncommon trap: reason=bimorphic_or_optimized_type_check action=maybe_recompile pc=0x000002d354830cb4 method=javax.swing.AbstractButton.setIcon(Ljavax/swing/Icon;)V @ 76 c2
Event: 1484.694 Thread 0x000002d364130000 Uncommon trap: reason=bimorphic_or_optimized_type_check action=maybe_recompile pc=0x000002d354830cb4 method=javax.swing.AbstractButton.setIcon(Ljavax/swing/Icon;)V @ 76 c2
Event: 1484.694 Thread 0x000002d364130000 Uncommon trap: reason=bimorphic_or_optimized_type_check action=maybe_recompile pc=0x000002d354830cb4 method=javax.swing.AbstractButton.setIcon(Ljavax/swing/Icon;)V @ 76 c2
Event: 1484.704 Thread 0x000002d364130000 Uncommon trap: reason=bimorphic_or_optimized_type_check action=maybe_recompile pc=0x000002d354830cb4 method=javax.swing.AbstractButton.setIcon(Ljavax/swing/Icon;)V @ 76 c2
Event: 1484.746 Thread 0x000002d364130000 Uncommon trap: reason=unstable_if action=reinterpret pc=0x000002d354e6b6a8 method=de.javasoft.plaf.synthetica.StyleFactory.getStyle(Ljavax/swing/JComponent;Ljavax/swing/plaf/synth/Region;Ljavax/swing/plaf/synth/SynthStyle;Z)Ljavax/swing/plaf/synth/SynthSt
Event: 1506.603 Thread 0x000002d364130000 Uncommon trap: reason=unstable_if action=reinterpret pc=0x000002d35508f448 method=com.jidesoft.document.d.a(Ljava/awt/Component;Lcom/jidesoft/document/DocumentPane;)Ljava/awt/Component; @ 23 c2
Event: 1984.327 Thread 0x000002d364130000 Uncommon trap: reason=bimorphic_or_optimized_type_check action=maybe_recompile pc=0x000002d354d3681c method=java.awt.Component.addNotify()V @ 200 c2

Classes redefined (0 events):
No events

Internal exceptions (10 events):
Event: 84.493 Thread 0x000002d364130000 Exception <a 'java/lang/NoSuchMethodError'{0x000000070779c258}: java.lang.invoke.DirectMethodHandle$Holder.invokeSpecial(Ljava/lang/Object;Ljava/lang/Object;Ljava/lang/Object;Ljava/lang/Object;I)Ljava/lang/Object;> (0x000000070779c258) thrown at [t:/works
Event: 88.275 Thread 0x000002d364130000 Exception <a 'java/lang/NoSuchMethodError'{0x0000000708d33ab0}: java.lang.invoke.DirectMethodHandle$Holder.invokeSpecial(Ljava/lang/Object;Ljava/lang/Object;IIILjava/lang/Object;Ljava/lang/Object;I)Ljava/lang/Object;> (0x0000000708d33ab0) thrown at [t:/wo
Event: 88.275 Thread 0x000002d364130000 Exception <a 'java/lang/NoSuchMethodError'{0x0000000708d37160}: java.lang.invoke.DelegatingMethodHandle$Holder.reinvoke_L(Ljava/lang/Object;IIILjava/lang/Object;Ljava/lang/Object;I)Ljava/lang/Object;> (0x0000000708d37160) thrown at [t:/workspace/hotspot/s
Event: 122.542 Thread 0x000002d364130000 Exception <a 'java/lang/NoSuchMethodError'{0x00000007098a8968}: method resolution failed> (0x00000007098a8968) thrown at [t:/workspace/hotspot/src/share/vm/prims/methodHandles.cpp, line 1256]
Event: 123.090 Thread 0x000002d36b4be800 Exception <a 'java/lang/InterruptedException'{0x000000070942d758}: sleep interrupted> (0x000000070942d758) thrown at [t:/workspace/hotspot/src/share/vm/prims/jvm.cpp, line 3023]
Event: 123.895 Thread 0x000002d364130000 Implicit null exception at 0x000002d354ef9173 to 0x000002d354ef9401
Event: 124.680 Thread 0x000002d364130000 Implicit null exception at 0x000002d354cbf510 to 0x000002d354cbf574
Event: 368.913 Thread 0x000002d364130000 Implicit null exception at 0x000002d3552104b1 to 0x000002d355210e07
Event: 990.542 Thread 0x000002d364130000 Exception <a 'java/lang/NoSuchMethodError'{0x00000007065f15a0}: method resolution failed> (0x00000007065f15a0) thrown at [t:/workspace/hotspot/src/share/vm/prims/methodHandles.cpp, line 1256]
Event: 1432.237 Thread 0x000002d36b4bd000 Exception <a 'java/lang/InterruptedException'{0x0000000709c00040}: sleep interrupted> (0x0000000709c00040) thrown at [t:/workspace/hotspot/src/share/vm/prims/jvm.cpp, line 3023]

Events (10 events):
Event: 1984.322 Executing VM operation: RevokeBias done
Event: 1984.323 Executing VM operation: RevokeBias
Event: 1984.323 Executing VM operation: RevokeBias done
Event: 1984.327 Thread 0x000002d364130000 Uncommon trap: trap_request=0xffffffc6 fr.pc=0x000002d354d3681c relative=0x00000000000006dc
Event: 1984.327 Thread 0x000002d364130000 DEOPT PACKING pc=0x000002d354d3681c sp=0x000000f134ffaf30
Event: 1984.328 Thread 0x000002d364130000 DEOPT UNPACKING pc=0x000002d34c7edf29 sp=0x000000f134ffaef8 mode 2
Event: 1984.382 Executing VM operation: BulkRevokeBias
Event: 1984.382 Executing VM operation: BulkRevokeBias done
Event: 1984.811 Thread 0x000002d36b4c4800 Thread added: 0x000002d36b4c4800
Event: 1984.816 Thread 0x000002d36b4c4800 Thread exited: 0x000002d36b4c4800


Dynamic libraries:
0x00007ff761190000 - 0x00007ff7611c0000 	C:\Xilinx\Vivado\2019.1\bin\unwrapped\win64.o\vivado.exe
0x00007ff8f50c0000 - 0x00007ff8f52b0000 	C:\WINDOWS\SYSTEM32\ntdll.dll
0x00007ff8f4330000 - 0x00007ff8f43e2000 	C:\WINDOWS\System32\KERNEL32.DLL
0x00007ff8f2740000 - 0x00007ff8f29e3000 	C:\WINDOWS\System32\KERNELBASE.dll
0x00007ff8f2580000 - 0x00007ff8f267a000 	C:\WINDOWS\System32\ucrtbase.dll
0x00007ff8e0160000 - 0x00007ff8e01f9000 	C:\WINDOWS\SYSTEM32\MSVCP140.dll
0x00007ff8edcc0000 - 0x00007ff8edcd4000 	C:\Xilinx\Vivado\2019.1\lib\win64.o\libboost_signals.dll
0x00007ff8ec300000 - 0x00007ff8ec314000 	C:\Xilinx\Vivado\2019.1\lib\win64.o\librdi_commonmain.dll
0x00007ff8bfd00000 - 0x00007ff8c0be2000 	C:\Xilinx\Vivado\2019.1\lib\win64.o\librdi_common.dll
0x00007ff8e0260000 - 0x00007ff8e0276000 	C:\WINDOWS\SYSTEM32\VCRUNTIME140.dll
0x00007ff8f3ba0000 - 0x00007ff8f3d33000 	C:\WINDOWS\System32\USER32.dll
0x00007ff8f24a0000 - 0x00007ff8f24c1000 	C:\WINDOWS\System32\win32u.dll
0x00007ff8f4c00000 - 0x00007ff8f4c26000 	C:\WINDOWS\System32\GDI32.dll
0x00007ff8eb990000 - 0x00007ff8eb9b6000 	C:\Xilinx\Vivado\2019.1\lib\win64.o\libboost_filesystem.dll
0x00007ff8edca0000 - 0x00007ff8edcaa000 	C:\Xilinx\Vivado\2019.1\lib\win64.o\librdi_commonversion.dll
0x00007ff8f2180000 - 0x00007ff8f2314000 	C:\WINDOWS\System32\gdi32full.dll
0x00007ff8f3dd0000 - 0x00007ff8f3e73000 	C:\WINDOWS\System32\ADVAPI32.dll
0x00007ff8f26a0000 - 0x00007ff8f273e000 	C:\WINDOWS\System32\msvcp_win.dll
0x00007ff8f4ce0000 - 0x00007ff8f4d7e000 	C:\WINDOWS\System32\msvcrt.dll
0x00007ff8f4ae0000 - 0x00007ff8f4b77000 	C:\WINDOWS\System32\sechost.dll
0x00007ff8f34b0000 - 0x00007ff8f3b95000 	C:\WINDOWS\System32\SHELL32.dll
0x00007ff8bfbd0000 - 0x00007ff8bfcf1000 	C:\Xilinx\Vivado\2019.1\lib\win64.o\librdi_commonxillic.dll
0x00007ff8f4860000 - 0x00007ff8f4980000 	C:\WINDOWS\System32\RPCRT4.dll
0x0000000051bb0000 - 0x0000000051cdb000 	C:\Xilinx\Vivado\2019.1\lib\win64.o\tcl85t.dll
0x00007ff8f2530000 - 0x00007ff8f257a000 	C:\WINDOWS\System32\cfgmgr32.dll
0x00007ff8f4100000 - 0x00007ff8f416f000 	C:\WINDOWS\System32\WS2_32.dll
0x00007ff8f4c30000 - 0x00007ff8f4cd9000 	C:\WINDOWS\System32\shcore.dll
0x00007ff8f3170000 - 0x00007ff8f34a6000 	C:\WINDOWS\System32\combase.dll
0x00007ff8f2050000 - 0x00007ff8f20d0000 	C:\WINDOWS\System32\bcryptPrimitives.dll
0x00007ff8eb800000 - 0x00007ff8eb814000 	C:\Xilinx\Vivado\2019.1\lib\win64.o\libboost_date_time.dll
0x00007ff8f29f0000 - 0x00007ff8f316e000 	C:\WINDOWS\System32\windows.storage.dll
0x00007ff8f2030000 - 0x00007ff8f204f000 	C:\WINDOWS\System32\profapi.dll
0x00007ff8e27a0000 - 0x00007ff8e281f000 	C:\Xilinx\Vivado\2019.1\lib\win64.o\libboost_program_options.dll
0x00007ff8f1fe0000 - 0x00007ff8f202a000 	C:\WINDOWS\System32\powrprof.dll
0x00007ff8bf860000 - 0x00007ff8bfbce000 	C:\Xilinx\Vivado\2019.1\lib\win64.o\libCOIN-all.dll
0x00007ff8bf740000 - 0x00007ff8bf854000 	C:\Xilinx\Vivado\2019.1\lib\win64.o\libboost_regex.dll
0x00007ff8f1f90000 - 0x00007ff8f1fa0000 	C:\WINDOWS\System32\UMPDC.dll
0x00007ff8f3d70000 - 0x00007ff8f3dc2000 	C:\WINDOWS\System32\shlwapi.dll
0x00007ff8f1fc0000 - 0x00007ff8f1fd1000 	C:\WINDOWS\System32\kernel.appcore.dll
0x00007ff8ed430000 - 0x00007ff8ed43b000 	C:\Xilinx\Vivado\2019.1\lib\win64.o\libboost_system.dll
0x00007ff8e9f90000 - 0x00007ff8e9fb1000 	C:\Xilinx\Vivado\2019.1\lib\win64.o\libboost_thread.dll
0x00007ff8ed180000 - 0x00007ff8ed18f000 	C:\Xilinx\Vivado\2019.1\lib\win64.o\libboost_xilinx.dll
0x00007ff8f2680000 - 0x00007ff8f2697000 	C:\WINDOWS\System32\cryptsp.dll
0x00007ff8e1bb0000 - 0x00007ff8e1c32000 	C:\Xilinx\Vivado\2019.1\lib\win64.o\libhdlpsolve.dll
0x00007ff8dfdb0000 - 0x00007ff8dfe55000 	C:\Xilinx\Vivado\2019.1\lib\win64.o\libhdxml.dll
0x00007ff8e9d90000 - 0x00007ff8e9dbe000 	C:\Xilinx\Vivado\2019.1\lib\win64.o\libisl_sysinfo.dll
0x00007ff8a5ff0000 - 0x00007ff8a6b9f400 	C:\Xilinx\Vivado\2019.1\lib\win64.o\libisl_iostreams.dll
0x00007ff8e6c10000 - 0x00007ff8e6c75000 	C:\Xilinx\Vivado\2019.1\lib\win64.o\liblmx6.0.dll
0x00007ff8eb520000 - 0x00007ff8eb53a000 	C:\Xilinx\Vivado\2019.1\lib\win64.o\pthreadVC2.dll
0x00007ff8ea060000 - 0x00007ff8ea07c000 	C:\Xilinx\Vivado\2019.1\lib\win64.o\librdiconfig.dll
0x00007ff8e8040000 - 0x00007ff8e8061000 	C:\Xilinx\Vivado\2019.1\lib\win64.o\librdizlib.dll
0x0000000012000000 - 0x0000000012270000 	C:\Xilinx\Vivado\2019.1\lib\win64.o\xerces-c_3_1.dll
0x00007ff8df8b0000 - 0x00007ff8df8c7000 	C:\WINDOWS\SYSTEM32\NETAPI32.dll
0x00007ff8d6830000 - 0x00007ff8d6d06000 	C:\WINDOWS\SYSTEM32\WININET.dll
0x00007ff8e8d20000 - 0x00007ff8e8e10000 	C:\WINDOWS\SYSTEM32\WINHTTP.dll
0x00007ff8e4270000 - 0x00007ff8e4446000 	C:\WINDOWS\SYSTEM32\urlmon.dll
0x00007ff8bf460000 - 0x00007ff8bf738000 	C:\Xilinx\Vivado\2019.1\lib\win64.o\libXil_lmgr11.dll
0x00007ff8f4f30000 - 0x00007ff8f5000000 	C:\WINDOWS\System32\COMDLG32.dll
0x00007ff8f3f50000 - 0x00007ff8f4014000 	C:\WINDOWS\System32\OLEAUT32.dll
0x00007ff8f4980000 - 0x00007ff8f4ad6000 	C:\WINDOWS\System32\ole32.dll
0x00007ff8f24d0000 - 0x00007ff8f252c000 	C:\WINDOWS\System32\WINTRUST.dll
0x00007ff8f1fa0000 - 0x00007ff8f1fb2000 	C:\WINDOWS\System32\MSASN1.dll
0x00007ff8f2320000 - 0x00007ff8f2469000 	C:\WINDOWS\System32\CRYPT32.dll
0x00007ff8a5150000 - 0x00007ff8a5fe1000 	C:\Xilinx\Vivado\2019.1\lib\win64.o\gurobi65.dll
0x00007ff8e6880000 - 0x00007ff8e6889000 	C:\WINDOWS\SYSTEM32\WSOCK32.dll
0x00007ff8e7ec0000 - 0x00007ff8e7ee9000 	C:\WINDOWS\SYSTEM32\VCOMP140.DLL
0x00007ff8eb7f0000 - 0x00007ff8eb7fd000 	C:\Xilinx\Vivado\2019.1\lib\win64.o\libboost_chrono.dll
0x00007ff8e5b80000 - 0x00007ff8e5ba5000 	C:\Xilinx\Vivado\2019.1\lib\win64.o\libisl_iosutils.dll
0x00007ff8e8020000 - 0x00007ff8e803b000 	C:\Xilinx\Vivado\2019.1\lib\win64.o\libboost_iostreams.dll
0x00007ff8e8a40000 - 0x00007ff8e8ce6000 	C:\WINDOWS\SYSTEM32\iertutil.dll
0x00007ff8e41c0000 - 0x00007ff8e4269000 	C:\WINDOWS\WinSxS\amd64_microsoft.windows.common-controls_6595b64144ccf1df_5.82.18362.356_none_2a28023246698435\COMCTL32.dll
0x00007ff8e34c0000 - 0x00007ff8e34dc000 	C:\WINDOWS\SYSTEM32\dhcpcsvc.DLL
0x00007ff8f4320000 - 0x00007ff8f4328000 	C:\WINDOWS\System32\NSI.dll
0x00007ff8f19d0000 - 0x00007ff8f19dc000 	C:\WINDOWS\SYSTEM32\CRYPTBASE.DLL
0x00007ff8f1620000 - 0x00007ff8f162c000 	C:\WINDOWS\SYSTEM32\NETUTILS.DLL
0x00007ff8f4020000 - 0x00007ff8f404e000 	C:\WINDOWS\System32\IMM32.DLL
0x00007ff8a4c30000 - 0x00007ff8a5147000 	C:\Xilinx\Vivado\2019.1\lib\win64.o\librdi_commontasks.dll
0x00007ff8ed740000 - 0x00007ff8ed74a000 	C:\WINDOWS\SYSTEM32\VERSION.dll
0x00007ff8bf1d0000 - 0x00007ff8bf456000 	C:\Xilinx\Vivado\2019.1\lib\win64.o\librdi_sio.dll
0x0000000051180000 - 0x0000000051ba5000 	C:\Xilinx\Vivado\2019.1\tps\win64\jre9.0.4\bin\server\jvm.dll
0x00007ff8f3f40000 - 0x00007ff8f3f48000 	C:\WINDOWS\System32\PSAPI.DLL
0x00007ff8f1510000 - 0x00007ff8f154a000 	C:\WINDOWS\SYSTEM32\IPHLPAPI.DLL
0x00007ff8efc00000 - 0x00007ff8efc24000 	C:\WINDOWS\SYSTEM32\WINMM.dll
0x00007ff8df260000 - 0x00007ff8df34f000 	C:\WINDOWS\SYSTEM32\MSVCR120.dll
0x00007ff8ef860000 - 0x00007ff8ef88d000 	C:\WINDOWS\SYSTEM32\winmmbase.dll
0x00007ff8f1800000 - 0x00007ff8f1867000 	C:\WINDOWS\SYSTEM32\MSWSOCK.DLL
0x00007ff8a2770000 - 0x00007ff8a4c2c000 	C:\Xilinx\Vivado\2019.1\lib\win64.o\librdi_tcltasks.dll
0x00007ff8a2360000 - 0x00007ff8a2768000 	C:\Xilinx\Vivado\2019.1\lib\win64.o\librdi_bitstream.dll
0x00007ff8ddf30000 - 0x00007ff8ddfa8000 	C:\Xilinx\Vivado\2019.1\lib\win64.o\librdi_boarddep.dll
0x00007ff8bf030000 - 0x00007ff8bf1c1000 	C:\Xilinx\Vivado\2019.1\lib\win64.o\librdi_board.dll
0x00007ff8b7230000 - 0x00007ff8b731b000 	C:\Xilinx\Vivado\2019.1\lib\win64.o\librdi_chipscope.dll
0x00007ff8b4af0000 - 0x00007ff8b4cad000 	C:\Xilinx\Vivado\2019.1\lib\win64.o\librdi_chipscopeimpl.dll
0x00007ff8b4d20000 - 0x00007ff8b4e76000 	C:\Xilinx\Vivado\2019.1\lib\win64.o\librdi_containers.dll
0x00007ff8a0970000 - 0x00007ff8a235b000 	C:\Xilinx\Vivado\2019.1\lib\win64.o\librdi_constraints.dll
0x00007ff873490000 - 0x00007ff875341000 	C:\Xilinx\Vivado\2019.1\lib\win64.o\librdi_coregen.dll
0x00007ff881760000 - 0x00007ff881e3b000 	C:\Xilinx\Vivado\2019.1\lib\win64.o\librdi_coregenipxact.dll
0x00007ff8a0650000 - 0x00007ff8a096e000 	C:\Xilinx\Vivado\2019.1\lib\win64.o\librdi_dlyest.dll
0x00007ff882230000 - 0x00007ff8827ca000 	C:\Xilinx\Vivado\2019.1\lib\win64.o\librdi_drc.dll
0x00007ff86d8a0000 - 0x00007ff8718f3000 	C:\Xilinx\Vivado\2019.1\lib\win64.o\librdi_designutils.dll
0x00007ff8c3450000 - 0x00007ff8c3514000 	C:\Xilinx\Vivado\2019.1\lib\win64.o\librdi_dsp.dll
0x00007ff87f520000 - 0x00007ff87fb6d000 	C:\Xilinx\Vivado\2019.1\lib\win64.o\librdi_filemgmt.dll
0x00007ff896ea0000 - 0x00007ff897183000 	C:\Xilinx\Vivado\2019.1\lib\win64.o\librdi_guitools.dll
0x00007ff8e30b0000 - 0x00007ff8e3115000 	C:\Xilinx\Vivado\2019.1\lib\win64.o\librdi_hdf.dll
0x00007ff871ed0000 - 0x00007ff873490000 	C:\Xilinx\Vivado\2019.1\lib\win64.o\librdi_implflow.dll
0x00007ff8c3670000 - 0x00007ff8c36e3000 	C:\Xilinx\Vivado\2019.1\lib\win64.o\librdi_memoryarray.dll
0x00007ff87ef00000 - 0x00007ff87f515000 	C:\Xilinx\Vivado\2019.1\lib\win64.o\librdi_memdata.dll
0x00007ff87e850000 - 0x00007ff87eef2000 	C:\Xilinx\Vivado\2019.1\lib\win64.o\librdi_netlist.dll
0x00007ff8e3c80000 - 0x00007ff8e3ccb000 	C:\Xilinx\Vivado\2019.1\lib\win64.o\librdi_pfi.dll
0x00007ff858700000 - 0x00007ff85b3e6000 	C:\Xilinx\Vivado\2019.1\lib\win64.o\librdi_mig.dll
0x00007ff85b3f0000 - 0x00007ff86d892000 	C:\Xilinx\Vivado\2019.1\lib\win64.o\librdi_device.dll
0x00007ff890bb0000 - 0x00007ff890ebf000 	C:\Xilinx\Vivado\2019.1\lib\win64.o\librdi_platform.dll
0x00007ff856080000 - 0x00007ff8586f9000 	C:\Xilinx\Vivado\2019.1\lib\win64.o\librdi_place.dll
0x00007ff855920000 - 0x00007ff856074000 	C:\Xilinx\Vivado\2019.1\lib\win64.o\librdi_power.dll
0x00007ff8553a0000 - 0x00007ff85591f000 	C:\Xilinx\Vivado\2019.1\lib\win64.o\librdi_project.dll
0x00007ff854c90000 - 0x00007ff855399000 	C:\Xilinx\Vivado\2019.1\lib\win64.o\librdi_psta.dll
0x00007ff881360000 - 0x00007ff881751000 	C:\Xilinx\Vivado\2019.1\lib\win64.o\librdi_runs.dll
0x00007ff854580000 - 0x00007ff854c86000 	C:\Xilinx\Vivado\2019.1\lib\win64.o\librdi_rsb.dll
0x00007ff8b7130000 - 0x00007ff8b722a000 	C:\Xilinx\Vivado\2019.1\lib\win64.o\librdi_runsbase.dll
0x00007ff8a7660000 - 0x00007ff8a78b6000 	C:\Xilinx\Vivado\2019.1\lib\win64.o\librdi_simdata.dll
0x00007ff853760000 - 0x00007ff854571000 	C:\Xilinx\Vivado\2019.1\lib\win64.o\librdi_timing.dll
0x00007ff8a96f0000 - 0x00007ff8a9862000 	C:\Xilinx\Vivado\2019.1\lib\win64.o\librdi_advchipscopeimpl.dll
0x00007ff8e36d0000 - 0x00007ff8e371c000 	C:\Xilinx\Vivado\2019.1\lib\win64.o\libboost_serialization.dll
0x00007ff898b10000 - 0x00007ff898caf000 	C:\Xilinx\Vivado\2019.1\lib\win64.o\librdi_hip_devdesign.dll
0x00007ff8ba9f0000 - 0x00007ff8baab2000 	C:\Xilinx\Vivado\2019.1\lib\win64.o\librdi_ipconfig_readwrite.dll
0x00007ff8e2750000 - 0x00007ff8e2793000 	C:\Xilinx\Vivado\2019.1\lib\win64.o\librdi_noc_frameworks.dll
0x00007ff852c10000 - 0x00007ff853757000 	C:\Xilinx\Vivado\2019.1\lib\win64.o\libverific.dll
0x00007ff8b6d80000 - 0x00007ff8b6e1e000 	C:\Xilinx\Vivado\2019.1\lib\win64.o\libise.dll
0x00007ff852820000 - 0x00007ff852c05000 	C:\Xilinx\Vivado\2019.1\lib\win64.o\librdi_hip_config.dll

VM Arguments:
jvm_args: -Dsun.java2d.pmoffscreen=false -Dsun.java2d.xrender=false -Dsun.java2d.d3d=false -Dsun.awt.nopixfmt=true -Dsun.java2d.dpiaware=true -Dsun.java2d.uiScale.enabled=false -Xverify:none -Dswing.aatext=true -XX:-UsePerfData -Djdk.map.althashing.threshold=512 -XX:StringTableSize=4072 --add-opens=java.base/java.nio=ALL-UNNAMED --add-opens=java.desktop/sun.swing=ALL-UNNAMED --add-opens=java.desktop/javax.swing=ALL-UNNAMED --add-opens=java.desktop/javax.swing.tree=ALL-UNNAMED --add-opens=java.desktop/javax.swing.plaf.basic=ALL-UNNAMED --add-opens=java.desktop/javax.swing.plaf.synth=ALL-UNNAMED --add-opens=java.desktop/com.sun.awt=ALL-UNNAMED -XX:NewSize=60m -XX:MaxNewSize=60m -Xms128m -Xmx3072m -Xss5m 
java_command: <unknown>
java_class_path (initial): C:/Xilinx/Vivado/2019.1\lib\classes\alloy.jar;C:/Xilinx/Vivado/2019.1\lib\classes\autopilot.scelaborator.jar;C:/Xilinx/Vivado/2019.1\lib\classes\autopilot.sourceprocessor.jar;C:/Xilinx/Vivado/2019.1\lib\classes\autopilot.tbprocessor.jar;C:/Xilinx/Vivado/2019.1\lib\classes\batik-anim.jar;C:/Xilinx/Vivado/2019.1\lib\classes\batik-awt-util.jar;C:/Xilinx/Vivado/2019.1\lib\classes\batik-bridge.jar;C:/Xilinx/Vivado/2019.1\lib\classes\batik-codec.jar;C:/Xilinx/Vivado/2019.1\lib\classes\batik-css.jar;C:/Xilinx/Vivado/2019.1\lib\classes\batik-dom.jar;C:/Xilinx/Vivado/2019.1\lib\classes\batik-ext.jar;C:/Xilinx/Vivado/2019.1\lib\classes\batik-gui-util.jar;C:/Xilinx/Vivado/2019.1\lib\classes\batik-gvt.jar;C:/Xilinx/Vivado/2019.1\lib\classes\batik-parser.jar;C:/Xilinx/Vivado/2019.1\lib\classes\batik-script.jar;C:/Xilinx/Vivado/2019.1\lib\classes\batik-svg-dom.jar;C:/Xilinx/Vivado/2019.1\lib\classes\batik-swing.jar;C:/Xilinx/Vivado/2019.1\lib\classes\batik-transcoder.jar;C:/Xilinx/Vivado/2019.1\lib\classes\batik-util.jar;C:/Xilinx/Vivado/2019.1\lib\classes\batik-xml.jar;C:/Xilinx/Vivado/2019.1\lib\classes\com.google.gson_2.7.0.v20170129-0911.jar;C:/Xilinx/Vivado/2019.1\lib\classes\com.google.guava_21.0.0.v20170206-1425.jar;C:/Xilinx/Vivado/2019.1\lib\classes\com.google.inject_3.0.0.v201605172100.jar;C:/Xilinx/Vivado/2019.1\lib\classes\com.ibm.icu_4.4.2.v20110208.jar;C:/Xilinx/Vivado/2019.1\lib\classes\com.sigasi.hdt.annotations.runtime_4.3.0.201903071210.jar;C:/Xilinx/Vivado/2019.1\lib\classes\com.sigasi.hdt.blockdiagram.model_4.3.0.201903071210.jar;C:/Xilinx/Vivado/2019.1\lib\classes\com.sigasi.hdt.connection_4.3.0.201903071210.jar;C:/Xilinx/Vivado/2019.1\lib\classes\com.sigasi.hdt.dependencies.model_4.3.0.201903071210.jar;C:/Xilinx/Vivado/2019.1\lib\classes\com.sigasi.hdt.epl_4.3.0.201903071210.jar;C:/Xilinx/Vivado/2019.1\lib\classes\com.sigasi.hdt.graphics.model_4.3.0.201903071210.jar;C:/Xilinx/Vivado/2019.1\lib\classes\com.sigasi.hdt.project_4.3.0
Launcher Type: generic

Logging:
Log output configuration:
#0: stdout all=warning uptime,level,tags
#1: stderr all=off uptime,level,tags

Environment Variables:
PATH=C:/Xilinx/Vivado/2019.1/bin;C:/Xilinx/Vivado/2019.1/lib/win64.o;C:/Xilinx/Vivado/2019.1/tps/win64/jre9.0.4/bin/server;C:/Xilinx/Vivado/2019.1/tps/win64/jre9.0.4/bin;C:/Xilinx/SDK/2019.1/bin;C:/Xilinx/Vivado/2019.1/ids_lite/ISE/bin/nt64;C:/Xilinx/Vivado/2019.1/ids_lite/ISE/lib/nt64;C:\Program Files (x86)\Common Files\Oracle\Java\javapath;C:\MinGW\bin;C:\WINDOWS\system32;C:\WINDOWS;C:\WINDOWS\System32\Wbem;C:\WINDOWS\System32\WindowsPowerShell\v1.0\;C:\WINDOWS\System32\OpenSSH\;C:\Users\aptsi\AppData\Local\Programs\Microsoft VS Code\bin;;%USERPROFILE%\AppData\Local\Microsoft\WindowsApps;C:/Xilinx/Vivado/2019.1\tps\mingw\6.2.0\win64.o\nt\bin;C:/Xilinx/Vivado/2019.1\tps\mingw\6.2.0\win64.o\nt\libexec\gcc\x86_64-w64-mingw32\6.2.0;C:/Xilinx/Vivado/2019.1\tps\win64\python-2.7.5;C:/Xilinx/Vivado/2019.1\tps\win64\python-2.7.5\lib;C:/Xilinx/Vivado/2019.1\tps\win64\python-2.7.5\Lib\lib-tk;C:/Xilinx/Vivado/2019.1\tps\win64\python-2.7.5\lib\site-packages
USERNAME=aptsi
OS=Windows_NT
PROCESSOR_IDENTIFIER=Intel64 Family 6 Model 158 Stepping 9, GenuineIntel



---------------  S Y S T E M  ---------------

OS: Windows 10 , 64 bit Build 18362 (10.0.18362.329)

CPU:total 8 (initial active 8) (4 cores per cpu, 2 threads per core) family 6 model 158 stepping 9, cmov, cx8, fxsr, mmx, sse, sse2, sse3, ssse3, sse4.1, sse4.2, popcnt, avx, avx2, aes, clmul, erms, 3dnowpref, lzcnt, ht, tsc, tscinvbit, bmi1, bmi2, adx, fma

Memory: 4k page, physical 16658020k(8776156k free), swap 20392904k(6172232k free)

vm_info: Java HotSpot(TM) 64-Bit Server VM (9.0.4+11) for windows-amd64 JRE (9.0.4+11), built on Dec 20 2017 02:18:54 by "mach5one" with MS VC++ 12.0 (VS2013)

END.
